2022/04/01 11:52:09,253 [INFO ] [org.springframework.boot.StartupInfoLogger][line:55] - Starting AutoMessageApplication using Java 15.0.1 on DESKTOP-9ASTMFI with PID 10020 (E:\sources\workspace\auto_message\target\classes started by Owner in E:\sources\workspace\auto_message)
2022/04/01 11:52:09,269 [INFO ] [org.springframework.boot.SpringApplication][line:666] - The following profiles are active: local
2022/04/01 11:52:09,317 [WARN ] [org.springframework.boot.logging.DeferredLog][line:258] - Property 'spring.profiles' imported from location 'class path resource [application.yml]' is invalid and should be replaced with 'spring.config.activate.on-profile' [origin: class path resource [application.yml] - 12:13]
2022/04/01 11:52:09,318 [WARN ] [org.springframework.boot.logging.DeferredLog][line:258] - Property 'spring.profiles' imported from location 'class path resource [application.yml]' is invalid and should be replaced with 'spring.config.activate.on-profile' [origin: class path resource [application.yml] - 7:13]
2022/04/01 11:52:09,320 [INFO ] [org.springframework.boot.logging.DeferredLog][line:255] - The Class-Path manifest attribute in C:\Users\Owner\.m2\repository\io\grpc\grpc-netty-shaded\1.13.1\grpc-netty-shaded-1.13.1.jar referenced one or more files that do not exist: file:/C:/Users/Owner/.m2/repository/io/grpc/grpc-netty-shaded/1.13.1/error_prone_annotations-2.1.2.jar
2022/04/01 11:52:09,320 [INFO ] [org.springframework.boot.logging.DeferredLog][line:255] - Devtools property defaults active! Set 'spring.devtools.add-properties' to 'false' to disable
2022/04/01 11:52:09,320 [INFO ] [org.springframework.boot.logging.DeferredLog][line:255] - For additional web related logging consider setting the 'logging.level.web' property to 'DEBUG'
2022/04/01 11:52:10,436 [INFO ] [org.springframework.data.repository.config.RepositoryConfigurationDelegate][line:128] - Bootstrapping Spring Data MongoDB repositories in DEFAULT mode.
2022/04/01 11:52:10,463 [INFO ] [org.springframework.data.repository.config.RepositoryConfigurationDelegate][line:188] - Finished Spring Data repository scanning in 22 ms. Found 0 MongoDB repository interfaces.
2022/04/01 11:52:10,773 [INFO ] [com.ulisesbocchio.jasyptspringboot.configuration.EnableEncryptablePropertiesBeanFactoryPostProcessor][line:39] - Post-processing PropertySource instances
2022/04/01 11:52:10,802 [INFO ] [com.ulisesbocchio.jasyptspringboot.EncryptablePropertySourceConverter][line:56] - Converting PropertySource configurationProperties [org.springframework.boot.context.properties.source.ConfigurationPropertySourcesPropertySource] to AOP Proxy
2022/04/01 11:52:10,803 [INFO ] [com.ulisesbocchio.jasyptspringboot.EncryptablePropertySourceConverter][line:56] - Converting PropertySource commandLineArgs [org.springframework.core.env.SimpleCommandLinePropertySource] to EncryptableEnumerablePropertySourceWrapper
2022/04/01 11:52:10,803 [INFO ] [com.ulisesbocchio.jasyptspringboot.EncryptablePropertySourceConverter][line:56] - Converting PropertySource servletConfigInitParams [org.springframework.core.env.PropertySource$StubPropertySource] to EncryptablePropertySourceWrapper
2022/04/01 11:52:10,803 [INFO ] [com.ulisesbocchio.jasyptspringboot.EncryptablePropertySourceConverter][line:56] - Converting PropertySource servletContextInitParams [org.springframework.core.env.PropertySource$StubPropertySource] to EncryptablePropertySourceWrapper
2022/04/01 11:52:10,803 [INFO ] [com.ulisesbocchio.jasyptspringboot.EncryptablePropertySourceConverter][line:56] - Converting PropertySource systemProperties [org.springframework.core.env.PropertiesPropertySource] to EncryptableMapPropertySourceWrapper
2022/04/01 11:52:10,803 [INFO ] [com.ulisesbocchio.jasyptspringboot.EncryptablePropertySourceConverter][line:56] - Converting PropertySource systemEnvironment [org.springframework.boot.env.SystemEnvironmentPropertySourceEnvironmentPostProcessor$OriginAwareSystemEnvironmentPropertySource] to EncryptableSystemEnvironmentPropertySourceWrapper
2022/04/01 11:52:10,804 [INFO ] [com.ulisesbocchio.jasyptspringboot.EncryptablePropertySourceConverter][line:56] - Converting PropertySource random [org.springframework.boot.env.RandomValuePropertySource] to EncryptablePropertySourceWrapper
2022/04/01 11:52:10,804 [INFO ] [com.ulisesbocchio.jasyptspringboot.EncryptablePropertySourceConverter][line:56] - Converting PropertySource Config resource 'class path resource [application.yml]' via location 'optional:classpath:/' (document #3) [org.springframework.boot.env.OriginTrackedMapPropertySource] to EncryptableMapPropertySourceWrapper
2022/04/01 11:52:10,804 [INFO ] [com.ulisesbocchio.jasyptspringboot.EncryptablePropertySourceConverter][line:56] - Converting PropertySource Config resource 'class path resource [application.yml]' via location 'optional:classpath:/' (document #1) [org.springframework.boot.env.OriginTrackedMapPropertySource] to EncryptableMapPropertySourceWrapper
2022/04/01 11:52:10,804 [INFO ] [com.ulisesbocchio.jasyptspringboot.EncryptablePropertySourceConverter][line:56] - Converting PropertySource Config resource 'class path resource [application.yml]' via location 'optional:classpath:/' (document #0) [org.springframework.boot.env.OriginTrackedMapPropertySource] to EncryptableMapPropertySourceWrapper
2022/04/01 11:52:10,804 [INFO ] [com.ulisesbocchio.jasyptspringboot.EncryptablePropertySourceConverter][line:56] - Converting PropertySource devtools [org.springframework.core.env.MapPropertySource] to EncryptableMapPropertySourceWrapper
2022/04/01 11:52:10,863 [INFO ] [com.ulisesbocchio.jasyptspringboot.filter.DefaultLazyPropertyFilter][line:31] - Property Filter custom Bean not found with name 'encryptablePropertyFilter'. Initializing Default Property Filter
2022/04/01 11:52:11,030 [INFO ] [com.ulisesbocchio.jasyptspringboot.resolver.DefaultLazyPropertyResolver][line:35] - Property Resolver custom Bean not found with name 'encryptablePropertyResolver'. Initializing Default Property Resolver
2022/04/01 11:52:11,033 [INFO ] [com.ulisesbocchio.jasyptspringboot.detector.DefaultLazyPropertyDetector][line:35] - Property Detector custom Bean not found with name 'encryptablePropertyDetector'. Initializing Default Property Detector
2022/04/01 11:52:11,317 [INFO ] [org.springframework.boot.web.embedded.tomcat.TomcatWebServer][line:108] - Tomcat initialized with port(s): 7070 (http)
2022/04/01 11:52:11,327 [INFO ] [org.apache.juli.logging.DirectJDKLog][line:173] - Initializing ProtocolHandler ["http-nio-7070"]
2022/04/01 11:52:11,328 [INFO ] [org.apache.juli.logging.DirectJDKLog][line:173] - Starting service [Tomcat]
2022/04/01 11:52:11,328 [INFO ] [org.apache.juli.logging.DirectJDKLog][line:173] - Starting Servlet engine: [Apache Tomcat/9.0.44]
2022/04/01 11:52:11,648 [WARN ] [org.apache.juli.logging.DirectJDKLog][line:175] - Failed to scan [file:/C:/Users/Owner/.m2/repository/io/grpc/grpc-netty-shaded/1.13.1/error_prone_annotations-2.1.2.jar] from classloader hierarchy
java.io.IOException: java.lang.reflect.InvocationTargetException
	at org.apache.tomcat.util.compat.Jre9Compat.jarFileNewInstance(Jre9Compat.java:209) ~[tomcat-embed-core-9.0.44.jar:9.0.44]
	at org.apache.tomcat.util.scan.JarFileUrlJar.<init>(JarFileUrlJar.java:65) ~[tomcat-embed-core-9.0.44.jar:9.0.44]
	at org.apache.tomcat.util.scan.JarFactory.newInstance(JarFactory.java:49) ~[tomcat-embed-core-9.0.44.jar:9.0.44]
	at org.apache.tomcat.util.scan.StandardJarScanner.process(StandardJarScanner.java:383) ~[tomcat-embed-core-9.0.44.jar:9.0.44]
	at org.apache.tomcat.util.scan.StandardJarScanner.processURLs(StandardJarScanner.java:318) [tomcat-embed-core-9.0.44.jar:9.0.44]
	at org.apache.tomcat.util.scan.StandardJarScanner.doScanClassPath(StandardJarScanner.java:282) [tomcat-embed-core-9.0.44.jar:9.0.44]
	at org.apache.tomcat.util.scan.StandardJarScanner.scan(StandardJarScanner.java:233) [tomcat-embed-core-9.0.44.jar:9.0.44]
	at org.apache.jasper.servlet.TldScanner.scanJars(TldScanner.java:262) [tomcat-embed-jasper-9.0.44.jar:9.0.44]
	at org.apache.jasper.servlet.TldScanner.scan(TldScanner.java:104) [tomcat-embed-jasper-9.0.44.jar:9.0.44]
	at org.apache.jasper.servlet.JasperInitializer.onStartup(JasperInitializer.java:83) [tomcat-embed-jasper-9.0.44.jar:9.0.44]
	at org.apache.catalina.core.StandardContext.startInternal(StandardContext.java:5166) [tomcat-embed-core-9.0.44.jar:9.0.44]
	at org.apache.catalina.util.LifecycleBase.start(LifecycleBase.java:183) [tomcat-embed-core-9.0.44.jar:9.0.44]
	at org.apache.catalina.core.ContainerBase$StartChild.call(ContainerBase.java:1384) [tomcat-embed-core-9.0.44.jar:9.0.44]
	at org.apache.catalina.core.ContainerBase$StartChild.call(ContainerBase.java:1374) [tomcat-embed-core-9.0.44.jar:9.0.44]
	at java.util.concurrent.FutureTask.run(FutureTask.java:264) [?:?]
	at org.apache.tomcat.util.threads.InlineExecutorService.execute(InlineExecutorService.java:75) [tomcat-embed-core-9.0.44.jar:9.0.44]
	at java.util.concurrent.AbstractExecutorService.submit(AbstractExecutorService.java:140) [?:?]
	at org.apache.catalina.core.ContainerBase.startInternal(ContainerBase.java:909) [tomcat-embed-core-9.0.44.jar:9.0.44]
	at org.apache.catalina.core.StandardHost.startInternal(StandardHost.java:843) [tomcat-embed-core-9.0.44.jar:9.0.44]
	at org.apache.catalina.util.LifecycleBase.start(LifecycleBase.java:183) [tomcat-embed-core-9.0.44.jar:9.0.44]
	at org.apache.catalina.core.ContainerBase$StartChild.call(ContainerBase.java:1384) [tomcat-embed-core-9.0.44.jar:9.0.44]
	at org.apache.catalina.core.ContainerBase$StartChild.call(ContainerBase.java:1374) [tomcat-embed-core-9.0.44.jar:9.0.44]
	at java.util.concurrent.FutureTask.run(FutureTask.java:264) [?:?]
	at org.apache.tomcat.util.threads.InlineExecutorService.execute(InlineExecutorService.java:75) [tomcat-embed-core-9.0.44.jar:9.0.44]
	at java.util.concurrent.AbstractExecutorService.submit(AbstractExecutorService.java:140) [?:?]
	at org.apache.catalina.core.ContainerBase.startInternal(ContainerBase.java:909) [tomcat-embed-core-9.0.44.jar:9.0.44]
	at org.apache.catalina.core.StandardEngine.startInternal(StandardEngine.java:262) [tomcat-embed-core-9.0.44.jar:9.0.44]
	at org.apache.catalina.util.LifecycleBase.start(LifecycleBase.java:183) [tomcat-embed-core-9.0.44.jar:9.0.44]
	at org.apache.catalina.core.StandardService.startInternal(StandardService.java:434) [tomcat-embed-core-9.0.44.jar:9.0.44]
	at org.apache.catalina.util.LifecycleBase.start(LifecycleBase.java:183) [tomcat-embed-core-9.0.44.jar:9.0.44]
	at org.apache.catalina.core.StandardServer.startInternal(StandardServer.java:930) [tomcat-embed-core-9.0.44.jar:9.0.44]
	at org.apache.catalina.util.LifecycleBase.start(LifecycleBase.java:183) [tomcat-embed-core-9.0.44.jar:9.0.44]
	at org.apache.catalina.startup.Tomcat.start(Tomcat.java:486) [tomcat-embed-core-9.0.44.jar:9.0.44]
	at org.springframework.boot.web.embedded.tomcat.TomcatWebServer.initialize(TomcatWebServer.java:123) [spring-boot-2.4.4.jar:2.4.4]
	at org.springframework.boot.web.embedded.tomcat.TomcatWebServer.<init>(TomcatWebServer.java:104) [spring-boot-2.4.4.jar:2.4.4]
	at org.springframework.boot.web.embedded.tomcat.TomcatServletWebServerFactory.getTomcatWebServer(TomcatServletWebServerFactory.java:450) [spring-boot-2.4.4.jar:2.4.4]
	at org.springframework.boot.web.embedded.tomcat.TomcatServletWebServerFactory.getWebServer(TomcatServletWebServerFactory.java:199) [spring-boot-2.4.4.jar:2.4.4]
	at org.springframework.boot.web.servlet.context.ServletWebServerApplicationContext.createWebServer(ServletWebServerApplicationContext.java:181) [spring-boot-2.4.4.jar:2.4.4]
	at org.springframework.boot.web.servlet.context.ServletWebServerApplicationContext.onRefresh(ServletWebServerApplicationContext.java:159) [spring-boot-2.4.4.jar:2.4.4]
	at org.springframework.context.support.AbstractApplicationContext.refresh(AbstractApplicationContext.java:577) [spring-context-5.3.5.jar:5.3.5]
	at org.springframework.boot.web.servlet.context.ServletWebServerApplicationContext.refresh(ServletWebServerApplicationContext.java:144) [spring-boot-2.4.4.jar:2.4.4]
	at org.springframework.boot.SpringApplication.refresh(SpringApplication.java:769) [spring-boot-2.4.4.jar:2.4.4]
	at org.springframework.boot.SpringApplication.refresh(SpringApplication.java:761) [spring-boot-2.4.4.jar:2.4.4]
	at org.springframework.boot.SpringApplication.refreshContext(SpringApplication.java:426) [spring-boot-2.4.4.jar:2.4.4]
	at org.springframework.boot.SpringApplication.run(SpringApplication.java:326) [spring-boot-2.4.4.jar:2.4.4]
	at org.springframework.boot.SpringApplication.run(SpringApplication.java:1313) [spring-boot-2.4.4.jar:2.4.4]
	at org.springframework.boot.SpringApplication.run(SpringApplication.java:1302) [spring-boot-2.4.4.jar:2.4.4]
	at com.auto.message.AutoMessageApplication.main(AutoMessageApplication.java:31) [classes/:?]
	at jdk.internal.reflect.NativeMethodAccessorImpl.invoke0(Native Method) ~[?:?]
	at jdk.internal.reflect.NativeMethodAccessorImpl.invoke(NativeMethodAccessorImpl.java:64) ~[?:?]
	at jdk.internal.reflect.DelegatingMethodAccessorImpl.invoke(DelegatingMethodAccessorImpl.java:43) ~[?:?]
	at java.lang.reflect.Method.invoke(Method.java:564) ~[?:?]
	at org.springframework.boot.devtools.restart.RestartLauncher.run(RestartLauncher.java:49) [spring-boot-devtools-2.4.4.jar:2.4.4]
Caused by: java.lang.reflect.InvocationTargetException
	at jdk.internal.reflect.GeneratedConstructorAccessor35.newInstance(Unknown Source) ~[?:?]
	at jdk.internal.reflect.DelegatingConstructorAccessorImpl.newInstance(DelegatingConstructorAccessorImpl.java:45) ~[?:?]
	at java.lang.reflect.Constructor.newInstanceWithCaller(Constructor.java:500) ~[?:?]
	at java.lang.reflect.Constructor.newInstance(Constructor.java:481) ~[?:?]
	at org.apache.tomcat.util.compat.Jre9Compat.jarFileNewInstance(Jre9Compat.java:206) ~[tomcat-embed-core-9.0.44.jar:9.0.44]
	... 52 more
Caused by: java.nio.file.NoSuchFileException: C:\Users\Owner\.m2\repository\io\grpc\grpc-netty-shaded\1.13.1\error_prone_annotations-2.1.2.jar
	at sun.nio.fs.WindowsException.translateToIOException(WindowsException.java:85) ~[?:?]
	at sun.nio.fs.WindowsException.rethrowAsIOException(WindowsException.java:103) ~[?:?]
	at sun.nio.fs.WindowsException.rethrowAsIOException(WindowsException.java:108) ~[?:?]
	at sun.nio.fs.WindowsFileAttributeViews$Basic.readAttributes(WindowsFileAttributeViews.java:53) ~[?:?]
	at sun.nio.fs.WindowsFileAttributeViews$Basic.readAttributes(WindowsFileAttributeViews.java:38) ~[?:?]
	at sun.nio.fs.WindowsFileSystemProvider.readAttributes(WindowsFileSystemProvider.java:198) ~[?:?]
	at java.nio.file.Files.readAttributes(Files.java:1843) ~[?:?]
	at java.util.zip.ZipFile$Source.get(ZipFile.java:1198) ~[?:?]
	at java.util.zip.ZipFile$CleanableResource.<init>(ZipFile.java:701) ~[?:?]
	at java.util.zip.ZipFile.<init>(ZipFile.java:240) ~[?:?]
	at java.util.zip.ZipFile.<init>(ZipFile.java:171) ~[?:?]
	at java.util.jar.JarFile.<init>(JarFile.java:347) ~[?:?]
	at jdk.internal.reflect.GeneratedConstructorAccessor35.newInstance(Unknown Source) ~[?:?]
	at jdk.internal.reflect.DelegatingConstructorAccessorImpl.newInstance(DelegatingConstructorAccessorImpl.java:45) ~[?:?]
	at java.lang.reflect.Constructor.newInstanceWithCaller(Constructor.java:500) ~[?:?]
	at java.lang.reflect.Constructor.newInstance(Constructor.java:481) ~[?:?]
	at org.apache.tomcat.util.compat.Jre9Compat.jarFileNewInstance(Jre9Compat.java:206) ~[tomcat-embed-core-9.0.44.jar:9.0.44]
	... 52 more
2022/04/01 11:52:11,660 [INFO ] [org.apache.juli.logging.DirectJDKLog][line:173] - At least one JAR was scanned for TLDs yet contained no TLDs. Enable debug logging for this logger for a complete list of JARs that were scanned but no TLDs were found in them. Skipping unneeded JARs during scanning can improve startup time and JSP compilation time.
2022/04/01 11:52:11,670 [INFO ] [org.apache.juli.logging.DirectJDKLog][line:173] - Initializing Spring embedded WebApplicationContext
2022/04/01 11:52:11,670 [INFO ] [org.springframework.boot.web.servlet.context.ServletWebServerApplicationContext][line:289] - Root WebApplicationContext: initialization completed in 2349 ms
2022/04/01 11:52:11,729 [INFO ] [com.auto.message.filter.CORSFilter][line:22] - [FILTER] init CROSFilter
2022/04/01 11:52:11,755 [INFO ] [com.ulisesbocchio.jasyptspringboot.encryptor.DefaultLazyEncryptor][line:32] - Found Custom Encryptor Bean org.jasypt.encryption.pbe.PooledPBEStringEncryptor@67c14e84 with name: jasyptStringEncrptor
2022/04/01 11:52:11,756 [WARN ] [org.springframework.context.support.AbstractApplicationContext][line:591] - Exception encountered during context initialization - cancelling refresh attempt: org.springframework.beans.factory.UnsatisfiedDependencyException: Error creating bean with name 'autoMessageApplication': Unsatisfied dependency expressed through field 'mappers'; nested exception is org.springframework.beans.factory.UnsatisfiedDependencyException: Error creating bean with name 'memberMapper' defined in file [E:\sources\workspace\auto_message\target\classes\com\auto\message\service\MemberMapper.class]: Unsatisfied dependency expressed through bean property 'sqlSessionFactory'; nested exception is org.springframework.beans.factory.BeanCreationException: Error creating bean with name 'databaseConnectConfig': Injection of autowired dependencies failed; nested exception is java.lang.NullPointerException: Cannot read the array length because "this.password" is null
2022/04/01 11:52:11,759 [INFO ] [org.apache.juli.logging.DirectJDKLog][line:173] - Stopping service [Tomcat]
2022/04/01 11:52:11,760 [INFO ] [com.auto.message.filter.CORSFilter][line:43] - destory CORSFilter
2022/04/01 11:52:11,784 [INFO ] [org.springframework.boot.autoconfigure.logging.ConditionEvaluationReportLoggingListener][line:136] - 

Error starting ApplicationContext. To display the conditions report re-run your application with 'debug' enabled.
2022/04/01 11:52:11,801 [ERROR] [org.springframework.boot.SpringApplication][line:858] - Application run failed
org.springframework.beans.factory.UnsatisfiedDependencyException: Error creating bean with name 'autoMessageApplication': Unsatisfied dependency expressed through field 'mappers'; nested exception is org.springframework.beans.factory.UnsatisfiedDependencyException: Error creating bean with name 'memberMapper' defined in file [E:\sources\workspace\auto_message\target\classes\com\auto\message\service\MemberMapper.class]: Unsatisfied dependency expressed through bean property 'sqlSessionFactory'; nested exception is org.springframework.beans.factory.BeanCreationException: Error creating bean with name 'databaseConnectConfig': Injection of autowired dependencies failed; nested exception is java.lang.NullPointerException: Cannot read the array length because "this.password" is null
	at org.springframework.beans.factory.annotation.AutowiredAnnotationBeanPostProcessor$AutowiredFieldElement.resolveFieldValue(AutowiredAnnotationBeanPostProcessor.java:660) ~[spring-beans-5.3.5.jar:5.3.5]
	at org.springframework.beans.factory.annotation.AutowiredAnnotationBeanPostProcessor$AutowiredFieldElement.inject(AutowiredAnnotationBeanPostProcessor.java:640) ~[spring-beans-5.3.5.jar:5.3.5]
	at org.springframework.beans.factory.annotation.InjectionMetadata.inject(InjectionMetadata.java:119) ~[spring-beans-5.3.5.jar:5.3.5]
	at org.springframework.beans.factory.annotation.AutowiredAnnotationBeanPostProcessor.postProcessProperties(AutowiredAnnotationBeanPostProcessor.java:399) ~[spring-beans-5.3.5.jar:5.3.5]
	at org.springframework.beans.factory.support.AbstractAutowireCapableBeanFactory.populateBean(AbstractAutowireCapableBeanFactory.java:1413) ~[spring-beans-5.3.5.jar:5.3.5]
	at org.springframework.beans.factory.support.AbstractAutowireCapableBeanFactory.doCreateBean(AbstractAutowireCapableBeanFactory.java:601) ~[spring-beans-5.3.5.jar:5.3.5]
	at org.springframework.beans.factory.support.AbstractAutowireCapableBeanFactory.createBean(AbstractAutowireCapableBeanFactory.java:524) ~[spring-beans-5.3.5.jar:5.3.5]
	at org.springframework.beans.factory.support.AbstractBeanFactory.lambda$doGetBean$0(AbstractBeanFactory.java:335) ~[spring-beans-5.3.5.jar:5.3.5]
	at org.springframework.beans.factory.support.DefaultSingletonBeanRegistry.getSingleton(DefaultSingletonBeanRegistry.java:234) ~[spring-beans-5.3.5.jar:5.3.5]
	at org.springframework.beans.factory.support.AbstractBeanFactory.doGetBean(AbstractBeanFactory.java:333) ~[spring-beans-5.3.5.jar:5.3.5]
	at org.springframework.beans.factory.support.AbstractBeanFactory.getBean(AbstractBeanFactory.java:208) ~[spring-beans-5.3.5.jar:5.3.5]
	at org.springframework.beans.factory.support.DefaultListableBeanFactory.preInstantiateSingletons(DefaultListableBeanFactory.java:944) ~[spring-beans-5.3.5.jar:5.3.5]
	at org.springframework.context.support.AbstractApplicationContext.finishBeanFactoryInitialization(AbstractApplicationContext.java:918) ~[spring-context-5.3.5.jar:5.3.5]
	at org.springframework.context.support.AbstractApplicationContext.refresh(AbstractApplicationContext.java:583) ~[spring-context-5.3.5.jar:5.3.5]
	at org.springframework.boot.web.servlet.context.ServletWebServerApplicationContext.refresh(ServletWebServerApplicationContext.java:144) ~[spring-boot-2.4.4.jar:2.4.4]
	at org.springframework.boot.SpringApplication.refresh(SpringApplication.java:769) ~[spring-boot-2.4.4.jar:2.4.4]
	at org.springframework.boot.SpringApplication.refresh(SpringApplication.java:761) [spring-boot-2.4.4.jar:2.4.4]
	at org.springframework.boot.SpringApplication.refreshContext(SpringApplication.java:426) [spring-boot-2.4.4.jar:2.4.4]
	at org.springframework.boot.SpringApplication.run(SpringApplication.java:326) [spring-boot-2.4.4.jar:2.4.4]
	at org.springframework.boot.SpringApplication.run(SpringApplication.java:1313) [spring-boot-2.4.4.jar:2.4.4]
	at org.springframework.boot.SpringApplication.run(SpringApplication.java:1302) [spring-boot-2.4.4.jar:2.4.4]
	at com.auto.message.AutoMessageApplication.main(AutoMessageApplication.java:31) [classes/:?]
	at jdk.internal.reflect.NativeMethodAccessorImpl.invoke0(Native Method) ~[?:?]
	at jdk.internal.reflect.NativeMethodAccessorImpl.invoke(NativeMethodAccessorImpl.java:64) ~[?:?]
	at jdk.internal.reflect.DelegatingMethodAccessorImpl.invoke(DelegatingMethodAccessorImpl.java:43) ~[?:?]
	at java.lang.reflect.Method.invoke(Method.java:564) ~[?:?]
	at org.springframework.boot.devtools.restart.RestartLauncher.run(RestartLauncher.java:49) [spring-boot-devtools-2.4.4.jar:2.4.4]
Caused by: org.springframework.beans.factory.UnsatisfiedDependencyException: Error creating bean with name 'memberMapper' defined in file [E:\sources\workspace\auto_message\target\classes\com\auto\message\service\MemberMapper.class]: Unsatisfied dependency expressed through bean property 'sqlSessionFactory'; nested exception is org.springframework.beans.factory.BeanCreationException: Error creating bean with name 'databaseConnectConfig': Injection of autowired dependencies failed; nested exception is java.lang.NullPointerException: Cannot read the array length because "this.password" is null
	at org.springframework.beans.factory.support.AbstractAutowireCapableBeanFactory.autowireByType(AbstractAutowireCapableBeanFactory.java:1516) ~[spring-beans-5.3.5.jar:5.3.5]
	at org.springframework.beans.factory.support.AbstractAutowireCapableBeanFactory.populateBean(AbstractAutowireCapableBeanFactory.java:1399) ~[spring-beans-5.3.5.jar:5.3.5]
	at org.springframework.beans.factory.support.AbstractAutowireCapableBeanFactory.doCreateBean(AbstractAutowireCapableBeanFactory.java:601) ~[spring-beans-5.3.5.jar:5.3.5]
	at org.springframework.beans.factory.support.AbstractAutowireCapableBeanFactory.createBean(AbstractAutowireCapableBeanFactory.java:524) ~[spring-beans-5.3.5.jar:5.3.5]
	at org.springframework.beans.factory.support.AbstractBeanFactory.lambda$doGetBean$0(AbstractBeanFactory.java:335) ~[spring-beans-5.3.5.jar:5.3.5]
	at org.springframework.beans.factory.support.DefaultSingletonBeanRegistry.getSingleton(DefaultSingletonBeanRegistry.java:234) ~[spring-beans-5.3.5.jar:5.3.5]
	at org.springframework.beans.factory.support.AbstractBeanFactory.doGetBean(AbstractBeanFactory.java:333) ~[spring-beans-5.3.5.jar:5.3.5]
	at org.springframework.beans.factory.support.AbstractBeanFactory.getBean(AbstractBeanFactory.java:208) ~[spring-beans-5.3.5.jar:5.3.5]
	at org.springframework.beans.factory.config.DependencyDescriptor.resolveCandidate(DependencyDescriptor.java:276) ~[spring-beans-5.3.5.jar:5.3.5]
	at org.springframework.beans.factory.support.DefaultListableBeanFactory.doResolveDependency(DefaultListableBeanFactory.java:1380) ~[spring-beans-5.3.5.jar:5.3.5]
	at org.springframework.beans.factory.support.DefaultListableBeanFactory.resolveDependency(DefaultListableBeanFactory.java:1300) ~[spring-beans-5.3.5.jar:5.3.5]
	at org.springframework.beans.factory.annotation.AutowiredAnnotationBeanPostProcessor$AutowiredFieldElement.resolveFieldValue(AutowiredAnnotationBeanPostProcessor.java:657) ~[spring-beans-5.3.5.jar:5.3.5]
	... 26 more
Caused by: org.springframework.beans.factory.BeanCreationException: Error creating bean with name 'databaseConnectConfig': Injection of autowired dependencies failed; nested exception is java.lang.NullPointerException: Cannot read the array length because "this.password" is null
	at org.springframework.beans.factory.annotation.AutowiredAnnotationBeanPostProcessor.postProcessProperties(AutowiredAnnotationBeanPostProcessor.java:405) ~[spring-beans-5.3.5.jar:5.3.5]
	at org.springframework.beans.factory.support.AbstractAutowireCapableBeanFactory.populateBean(AbstractAutowireCapableBeanFactory.java:1413) ~[spring-beans-5.3.5.jar:5.3.5]
	at org.springframework.beans.factory.support.AbstractAutowireCapableBeanFactory.doCreateBean(AbstractAutowireCapableBeanFactory.java:601) ~[spring-beans-5.3.5.jar:5.3.5]
	at org.springframework.beans.factory.support.AbstractAutowireCapableBeanFactory.createBean(AbstractAutowireCapableBeanFactory.java:524) ~[spring-beans-5.3.5.jar:5.3.5]
	at org.springframework.beans.factory.support.AbstractBeanFactory.lambda$doGetBean$0(AbstractBeanFactory.java:335) ~[spring-beans-5.3.5.jar:5.3.5]
	at org.springframework.beans.factory.support.DefaultSingletonBeanRegistry.getSingleton(DefaultSingletonBeanRegistry.java:234) ~[spring-beans-5.3.5.jar:5.3.5]
	at org.springframework.beans.factory.support.AbstractBeanFactory.doGetBean(AbstractBeanFactory.java:333) ~[spring-beans-5.3.5.jar:5.3.5]
	at org.springframework.beans.factory.support.AbstractBeanFactory.getBean(AbstractBeanFactory.java:208) ~[spring-beans-5.3.5.jar:5.3.5]
	at org.springframework.beans.factory.support.ConstructorResolver.instantiateUsingFactoryMethod(ConstructorResolver.java:410) ~[spring-beans-5.3.5.jar:5.3.5]
	at org.springframework.beans.factory.support.AbstractAutowireCapableBeanFactory.instantiateUsingFactoryMethod(AbstractAutowireCapableBeanFactory.java:1334) ~[spring-beans-5.3.5.jar:5.3.5]
	at org.springframework.beans.factory.support.AbstractAutowireCapableBeanFactory.createBeanInstance(AbstractAutowireCapableBeanFactory.java:1177) ~[spring-beans-5.3.5.jar:5.3.5]
	at org.springframework.beans.factory.support.AbstractAutowireCapableBeanFactory.doCreateBean(AbstractAutowireCapableBeanFactory.java:564) ~[spring-beans-5.3.5.jar:5.3.5]
	at org.springframework.beans.factory.support.AbstractAutowireCapableBeanFactory.createBean(AbstractAutowireCapableBeanFactory.java:524) ~[spring-beans-5.3.5.jar:5.3.5]
	at org.springframework.beans.factory.support.AbstractBeanFactory.lambda$doGetBean$0(AbstractBeanFactory.java:335) ~[spring-beans-5.3.5.jar:5.3.5]
	at org.springframework.beans.factory.support.DefaultSingletonBeanRegistry.getSingleton(DefaultSingletonBeanRegistry.java:234) ~[spring-beans-5.3.5.jar:5.3.5]
	at org.springframework.beans.factory.support.AbstractBeanFactory.doGetBean(AbstractBeanFactory.java:333) ~[spring-beans-5.3.5.jar:5.3.5]
	at org.springframework.beans.factory.support.AbstractBeanFactory.getBean(AbstractBeanFactory.java:208) ~[spring-beans-5.3.5.jar:5.3.5]
	at org.springframework.beans.factory.config.DependencyDescriptor.resolveCandidate(DependencyDescriptor.java:276) ~[spring-beans-5.3.5.jar:5.3.5]
	at org.springframework.beans.factory.support.DefaultListableBeanFactory.doResolveDependency(DefaultListableBeanFactory.java:1380) ~[spring-beans-5.3.5.jar:5.3.5]
	at org.springframework.beans.factory.support.DefaultListableBeanFactory.resolveDependency(DefaultListableBeanFactory.java:1300) ~[spring-beans-5.3.5.jar:5.3.5]
	at org.springframework.beans.factory.support.AbstractAutowireCapableBeanFactory.autowireByType(AbstractAutowireCapableBeanFactory.java:1501) ~[spring-beans-5.3.5.jar:5.3.5]
	at org.springframework.beans.factory.support.AbstractAutowireCapableBeanFactory.populateBean(AbstractAutowireCapableBeanFactory.java:1399) ~[spring-beans-5.3.5.jar:5.3.5]
	at org.springframework.beans.factory.support.AbstractAutowireCapableBeanFactory.doCreateBean(AbstractAutowireCapableBeanFactory.java:601) ~[spring-beans-5.3.5.jar:5.3.5]
	at org.springframework.beans.factory.support.AbstractAutowireCapableBeanFactory.createBean(AbstractAutowireCapableBeanFactory.java:524) ~[spring-beans-5.3.5.jar:5.3.5]
	at org.springframework.beans.factory.support.AbstractBeanFactory.lambda$doGetBean$0(AbstractBeanFactory.java:335) ~[spring-beans-5.3.5.jar:5.3.5]
	at org.springframework.beans.factory.support.DefaultSingletonBeanRegistry.getSingleton(DefaultSingletonBeanRegistry.java:234) ~[spring-beans-5.3.5.jar:5.3.5]
	at org.springframework.beans.factory.support.AbstractBeanFactory.doGetBean(AbstractBeanFactory.java:333) ~[spring-beans-5.3.5.jar:5.3.5]
	at org.springframework.beans.factory.support.AbstractBeanFactory.getBean(AbstractBeanFactory.java:208) ~[spring-beans-5.3.5.jar:5.3.5]
	at org.springframework.beans.factory.config.DependencyDescriptor.resolveCandidate(DependencyDescriptor.java:276) ~[spring-beans-5.3.5.jar:5.3.5]
	at org.springframework.beans.factory.support.DefaultListableBeanFactory.doResolveDependency(DefaultListableBeanFactory.java:1380) ~[spring-beans-5.3.5.jar:5.3.5]
	at org.springframework.beans.factory.support.DefaultListableBeanFactory.resolveDependency(DefaultListableBeanFactory.java:1300) ~[spring-beans-5.3.5.jar:5.3.5]
	at org.springframework.beans.factory.annotation.AutowiredAnnotationBeanPostProcessor$AutowiredFieldElement.resolveFieldValue(AutowiredAnnotationBeanPostProcessor.java:657) ~[spring-beans-5.3.5.jar:5.3.5]
	... 26 more
Caused by: java.lang.NullPointerException: Cannot read the array length because "this.password" is null
	at org.jasypt.encryption.pbe.config.SimplePBEConfig.getPasswordCharArray(SimplePBEConfig.java:487) ~[jasypt-1.9.3.jar:?]
	at org.jasypt.encryption.pbe.StandardPBEByteEncryptor.resolveConfigurationPassword(StandardPBEByteEncryptor.java:842) ~[jasypt-1.9.3.jar:?]
	at org.jasypt.encryption.pbe.StandardPBEByteEncryptor.cloneAndInitializeEncryptor(StandardPBEByteEncryptor.java:528) ~[jasypt-1.9.3.jar:?]
	at org.jasypt.encryption.pbe.StandardPBEStringEncryptor.cloneAndInitializeEncryptor(StandardPBEStringEncryptor.java:483) ~[jasypt-1.9.3.jar:?]
	at org.jasypt.encryption.pbe.PooledPBEStringEncryptor.initialize(PooledPBEStringEncryptor.java:405) ~[jasypt-1.9.3.jar:?]
	at org.jasypt.encryption.pbe.PooledPBEStringEncryptor.decrypt(PooledPBEStringEncryptor.java:502) ~[jasypt-1.9.3.jar:?]
	at com.ulisesbocchio.jasyptspringboot.encryptor.DefaultLazyEncryptor.decrypt(DefaultLazyEncryptor.java:57) ~[jasypt-spring-boot-3.0.3.jar:?]
	at com.ulisesbocchio.jasyptspringboot.resolver.DefaultPropertyResolver.lambda$resolvePropertyValue$0(DefaultPropertyResolver.java:44) ~[jasypt-spring-boot-3.0.3.jar:?]
	at java.util.Optional.map(Optional.java:258) ~[?:?]
	at com.ulisesbocchio.jasyptspringboot.resolver.DefaultPropertyResolver.resolvePropertyValue(DefaultPropertyResolver.java:40) ~[jasypt-spring-boot-3.0.3.jar:?]
	at com.ulisesbocchio.jasyptspringboot.resolver.DefaultLazyPropertyResolver.resolvePropertyValue(DefaultLazyPropertyResolver.java:50) ~[jasypt-spring-boot-3.0.3.jar:?]
	at com.ulisesbocchio.jasyptspringboot.EncryptablePropertySource.getProperty(EncryptablePropertySource.java:20) ~[jasypt-spring-boot-3.0.3.jar:?]
	at com.ulisesbocchio.jasyptspringboot.caching.CachingDelegateEncryptablePropertySource.getProperty(CachingDelegateEncryptablePropertySource.java:41) ~[jasypt-spring-boot-3.0.3.jar:?]
	at com.ulisesbocchio.jasyptspringboot.wrapper.EncryptableMapPropertySourceWrapper.getProperty(EncryptableMapPropertySourceWrapper.java:31) ~[jasypt-spring-boot-3.0.3.jar:?]
	at org.springframework.core.env.PropertySourcesPropertyResolver.getProperty(PropertySourcesPropertyResolver.java:85) ~[spring-core-5.3.5.jar:5.3.5]
	at org.springframework.core.env.PropertySourcesPropertyResolver.getProperty(PropertySourcesPropertyResolver.java:62) ~[spring-core-5.3.5.jar:5.3.5]
	at org.springframework.core.env.AbstractEnvironment.getProperty(AbstractEnvironment.java:588) ~[spring-core-5.3.5.jar:5.3.5]
	at org.springframework.context.support.PropertySourcesPlaceholderConfigurer$1.getProperty(PropertySourcesPlaceholderConfigurer.java:137) ~[spring-context-5.3.5.jar:5.3.5]
	at org.springframework.context.support.PropertySourcesPlaceholderConfigurer$1.getProperty(PropertySourcesPlaceholderConfigurer.java:133) ~[spring-context-5.3.5.jar:5.3.5]
	at org.springframework.core.env.PropertySourcesPropertyResolver.getProperty(PropertySourcesPropertyResolver.java:85) ~[spring-core-5.3.5.jar:5.3.5]
	at org.springframework.core.env.PropertySourcesPropertyResolver.getPropertyAsRawString(PropertySourcesPropertyResolver.java:74) ~[spring-core-5.3.5.jar:5.3.5]
	at org.springframework.util.PropertyPlaceholderHelper.parseStringValue(PropertyPlaceholderHelper.java:151) ~[spring-core-5.3.5.jar:5.3.5]
	at org.springframework.util.PropertyPlaceholderHelper.replacePlaceholders(PropertyPlaceholderHelper.java:124) ~[spring-core-5.3.5.jar:5.3.5]
	at org.springframework.core.env.AbstractPropertyResolver.doResolvePlaceholders(AbstractPropertyResolver.java:239) ~[spring-core-5.3.5.jar:5.3.5]
	at org.springframework.core.env.AbstractPropertyResolver.resolveRequiredPlaceholders(AbstractPropertyResolver.java:210) ~[spring-core-5.3.5.jar:5.3.5]
	at org.springframework.context.support.PropertySourcesPlaceholderConfigurer.lambda$processProperties$0(PropertySourcesPlaceholderConfigurer.java:175) ~[spring-context-5.3.5.jar:5.3.5]
	at org.springframework.beans.factory.support.AbstractBeanFactory.resolveEmbeddedValue(AbstractBeanFactory.java:936) ~[spring-beans-5.3.5.jar:5.3.5]
	at org.springframework.beans.factory.support.DefaultListableBeanFactory.doResolveDependency(DefaultListableBeanFactory.java:1321) ~[spring-beans-5.3.5.jar:5.3.5]
	at org.springframework.beans.factory.support.DefaultListableBeanFactory.resolveDependency(DefaultListableBeanFactory.java:1300) ~[spring-beans-5.3.5.jar:5.3.5]
	at org.springframework.beans.factory.annotation.AutowiredAnnotationBeanPostProcessor$AutowiredFieldElement.resolveFieldValue(AutowiredAnnotationBeanPostProcessor.java:657) ~[spring-beans-5.3.5.jar:5.3.5]
	at org.springframework.beans.factory.annotation.AutowiredAnnotationBeanPostProcessor$AutowiredFieldElement.inject(AutowiredAnnotationBeanPostProcessor.java:640) ~[spring-beans-5.3.5.jar:5.3.5]
	at org.springframework.beans.factory.annotation.InjectionMetadata.inject(InjectionMetadata.java:119) ~[spring-beans-5.3.5.jar:5.3.5]
	at org.springframework.beans.factory.annotation.AutowiredAnnotationBeanPostProcessor.postProcessProperties(AutowiredAnnotationBeanPostProcessor.java:399) ~[spring-beans-5.3.5.jar:5.3.5]
	at org.springframework.beans.factory.support.AbstractAutowireCapableBeanFactory.populateBean(AbstractAutowireCapableBeanFactory.java:1413) ~[spring-beans-5.3.5.jar:5.3.5]
	at org.springframework.beans.factory.support.AbstractAutowireCapableBeanFactory.doCreateBean(AbstractAutowireCapableBeanFactory.java:601) ~[spring-beans-5.3.5.jar:5.3.5]
	at org.springframework.beans.factory.support.AbstractAutowireCapableBeanFactory.createBean(AbstractAutowireCapableBeanFactory.java:524) ~[spring-beans-5.3.5.jar:5.3.5]
	at org.springframework.beans.factory.support.AbstractBeanFactory.lambda$doGetBean$0(AbstractBeanFactory.java:335) ~[spring-beans-5.3.5.jar:5.3.5]
	at org.springframework.beans.factory.support.DefaultSingletonBeanRegistry.getSingleton(DefaultSingletonBeanRegistry.java:234) ~[spring-beans-5.3.5.jar:5.3.5]
	at org.springframework.beans.factory.support.AbstractBeanFactory.doGetBean(AbstractBeanFactory.java:333) ~[spring-beans-5.3.5.jar:5.3.5]
	at org.springframework.beans.factory.support.AbstractBeanFactory.getBean(AbstractBeanFactory.java:208) ~[spring-beans-5.3.5.jar:5.3.5]
	at org.springframework.beans.factory.support.ConstructorResolver.instantiateUsingFactoryMethod(ConstructorResolver.java:410) ~[spring-beans-5.3.5.jar:5.3.5]
	at org.springframework.beans.factory.support.AbstractAutowireCapableBeanFactory.instantiateUsingFactoryMethod(AbstractAutowireCapableBeanFactory.java:1334) ~[spring-beans-5.3.5.jar:5.3.5]
	at org.springframework.beans.factory.support.AbstractAutowireCapableBeanFactory.createBeanInstance(AbstractAutowireCapableBeanFactory.java:1177) ~[spring-beans-5.3.5.jar:5.3.5]
	at org.springframework.beans.factory.support.AbstractAutowireCapableBeanFactory.doCreateBean(AbstractAutowireCapableBeanFactory.java:564) ~[spring-beans-5.3.5.jar:5.3.5]
	at org.springframework.beans.factory.support.AbstractAutowireCapableBeanFactory.createBean(AbstractAutowireCapableBeanFactory.java:524) ~[spring-beans-5.3.5.jar:5.3.5]
	at org.springframework.beans.factory.support.AbstractBeanFactory.lambda$doGetBean$0(AbstractBeanFactory.java:335) ~[spring-beans-5.3.5.jar:5.3.5]
	at org.springframework.beans.factory.support.DefaultSingletonBeanRegistry.getSingleton(DefaultSingletonBeanRegistry.java:234) ~[spring-beans-5.3.5.jar:5.3.5]
	at org.springframework.beans.factory.support.AbstractBeanFactory.doGetBean(AbstractBeanFactory.java:333) ~[spring-beans-5.3.5.jar:5.3.5]
	at org.springframework.beans.factory.support.AbstractBeanFactory.getBean(AbstractBeanFactory.java:208) ~[spring-beans-5.3.5.jar:5.3.5]
	at org.springframework.beans.factory.config.DependencyDescriptor.resolveCandidate(DependencyDescriptor.java:276) ~[spring-beans-5.3.5.jar:5.3.5]
	at org.springframework.beans.factory.support.DefaultListableBeanFactory.doResolveDependency(DefaultListableBeanFactory.java:1380) ~[spring-beans-5.3.5.jar:5.3.5]
	at org.springframework.beans.factory.support.DefaultListableBeanFactory.resolveDependency(DefaultListableBeanFactory.java:1300) ~[spring-beans-5.3.5.jar:5.3.5]
	at org.springframework.beans.factory.support.AbstractAutowireCapableBeanFactory.autowireByType(AbstractAutowireCapableBeanFactory.java:1501) ~[spring-beans-5.3.5.jar:5.3.5]
	at org.springframework.beans.factory.support.AbstractAutowireCapableBeanFactory.populateBean(AbstractAutowireCapableBeanFactory.java:1399) ~[spring-beans-5.3.5.jar:5.3.5]
	at org.springframework.beans.factory.support.AbstractAutowireCapableBeanFactory.doCreateBean(AbstractAutowireCapableBeanFactory.java:601) ~[spring-beans-5.3.5.jar:5.3.5]
	at org.springframework.beans.factory.support.AbstractAutowireCapableBeanFactory.createBean(AbstractAutowireCapableBeanFactory.java:524) ~[spring-beans-5.3.5.jar:5.3.5]
	at org.springframework.beans.factory.support.AbstractBeanFactory.lambda$doGetBean$0(AbstractBeanFactory.java:335) ~[spring-beans-5.3.5.jar:5.3.5]
	at org.springframework.beans.factory.support.DefaultSingletonBeanRegistry.getSingleton(DefaultSingletonBeanRegistry.java:234) ~[spring-beans-5.3.5.jar:5.3.5]
	at org.springframework.beans.factory.support.AbstractBeanFactory.doGetBean(AbstractBeanFactory.java:333) ~[spring-beans-5.3.5.jar:5.3.5]
	at org.springframework.beans.factory.support.AbstractBeanFactory.getBean(AbstractBeanFactory.java:208) ~[spring-beans-5.3.5.jar:5.3.5]
	at org.springframework.beans.factory.config.DependencyDescriptor.resolveCandidate(DependencyDescriptor.java:276) ~[spring-beans-5.3.5.jar:5.3.5]
	at org.springframework.beans.factory.support.DefaultListableBeanFactory.doResolveDependency(DefaultListableBeanFactory.java:1380) ~[spring-beans-5.3.5.jar:5.3.5]
	at org.springframework.beans.factory.support.DefaultListableBeanFactory.resolveDependency(DefaultListableBeanFactory.java:1300) ~[spring-beans-5.3.5.jar:5.3.5]
	at org.springframework.beans.factory.annotation.AutowiredAnnotationBeanPostProcessor$AutowiredFieldElement.resolveFieldValue(AutowiredAnnotationBeanPostProcessor.java:657) ~[spring-beans-5.3.5.jar:5.3.5]
	... 26 more
