2021-04-28 18:00:24,724 [restartedMain] WARN  org.springframework.boot.context.config.ConfigDataEnvironment(logTo:258) - Property 'spring.profiles' imported from location 'class path resource [application.yml]' is invalid and should be replaced with 'spring.config.activate.on-profile' [origin: class path resource [application.yml] - 12:13]
2021-04-28 18:00:24,725 [restartedMain] WARN  org.springframework.boot.context.config.ConfigDataEnvironment(logTo:258) - Property 'spring.profiles' imported from location 'class path resource [application.yml]' is invalid and should be replaced with 'spring.config.activate.on-profile' [origin: class path resource [application.yml] - 7:13]
2021-04-28 18:00:24,884 [restartedMain] INFO  org.springframework.data.repository.config.RepositoryConfigurationDelegate(registerRepositoriesIn:128) - Bootstrapping Spring Data MongoDB repositories in DEFAULT mode.
2021-04-28 18:00:24,908 [restartedMain] INFO  org.springframework.data.repository.config.RepositoryConfigurationDelegate(registerRepositoriesIn:188) - Finished Spring Data repository scanning in 23 ms. Found 0 MongoDB repository interfaces.
2021-04-28 18:00:24,972 [restartedMain] INFO  org.springframework.boot.web.embedded.tomcat.TomcatWebServer(initialize:108) - Tomcat initialized with port(s): 8000 (http)
2021-04-28 18:00:25,027 [restartedMain] INFO  org.springframework.boot.web.servlet.context.ServletWebServerApplicationContext(prepareWebApplicationContext:289) - Root WebApplicationContext: initialization completed in 301 ms
2021-04-28 18:00:25,103 [restartedMain] INFO  org.springframework.scheduling.concurrent.ThreadPoolTaskExecutor(initialize:181) - Initializing ExecutorService 'applicationTaskExecutor'
2021-04-28 18:00:25,175 [restartedMain] INFO  org.springframework.boot.devtools.autoconfigure.OptionalLiveReloadServer(startServer:58) - LiveReload server is running on port 35729
2021-04-28 18:00:25,204 [restartedMain] INFO  org.springframework.boot.web.embedded.tomcat.TomcatWebServer(start:220) - Tomcat started on port(s): 8000 (http) with context path ''
2021-04-28 18:00:25,208 [restartedMain] INFO  org.springframework.boot.autoconfigure.logging.ConditionEvaluationReportLoggingListener(logMessage:136) - 

Error starting ApplicationContext. To display the conditions report re-run your application with 'debug' enabled.
2021-04-28 18:00:25,212 [restartedMain] ERROR org.springframework.boot.SpringApplication(reportFailure:858) - Application run failed
java.lang.IllegalStateException: Failed to execute CommandLineRunner
	at org.springframework.boot.SpringApplication.callRunner(SpringApplication.java:809) [spring-boot-2.4.4.jar:2.4.4]
	at org.springframework.boot.SpringApplication.callRunners(SpringApplication.java:790) [spring-boot-2.4.4.jar:2.4.4]
	at org.springframework.boot.SpringApplication.run(SpringApplication.java:333) [spring-boot-2.4.4.jar:2.4.4]
	at org.springframework.boot.SpringApplication.run(SpringApplication.java:1313) [spring-boot-2.4.4.jar:2.4.4]
	at org.springframework.boot.SpringApplication.run(SpringApplication.java:1302) [spring-boot-2.4.4.jar:2.4.4]
	at com.auto.message.AutoMessageApplication.main(AutoMessageApplication.java:30) [classes/:?]
	at jdk.internal.reflect.NativeMethodAccessorImpl.invoke0(Native Method) ~[?:?]
	at jdk.internal.reflect.NativeMethodAccessorImpl.invoke(NativeMethodAccessorImpl.java:64) ~[?:?]
	at jdk.internal.reflect.DelegatingMethodAccessorImpl.invoke(DelegatingMethodAccessorImpl.java:43) ~[?:?]
	at java.lang.reflect.Method.invoke(Method.java:564) ~[?:?]
	at org.springframework.boot.devtools.restart.RestartLauncher.run(RestartLauncher.java:49) [spring-boot-devtools-2.4.4.jar:2.4.4]
Caused by: org.mybatis.spring.MyBatisSystemException: nested exception is org.apache.ibatis.exceptions.PersistenceException: 
### Error querying database.  Cause: java.lang.RuntimeException: Driver com.mysql.cj.jdbc.Driver claims to not accept jdbcUrl, mysql://localhost:3306/admin
### The error may exist in class path resource [mappers/UserMapper.xml]
### The error may involve com.auto.message.service.MemberMapper.selectMemberList
### The error occurred while executing a query
### Cause: java.lang.RuntimeException: Driver com.mysql.cj.jdbc.Driver claims to not accept jdbcUrl, mysql://localhost:3306/admin
	at org.mybatis.spring.MyBatisExceptionTranslator.translateExceptionIfPossible(MyBatisExceptionTranslator.java:96) ~[mybatis-spring-2.0.6.jar:2.0.6]
	at org.mybatis.spring.SqlSessionTemplate$SqlSessionInterceptor.invoke(SqlSessionTemplate.java:441) ~[mybatis-spring-2.0.6.jar:2.0.6]
	at com.sun.proxy.$Proxy91.selectList(Unknown Source) ~[?:?]
	at org.mybatis.spring.SqlSessionTemplate.selectList(SqlSessionTemplate.java:224) ~[mybatis-spring-2.0.6.jar:2.0.6]
	at org.apache.ibatis.binding.MapperMethod.executeForMany(MapperMethod.java:147) ~[mybatis-3.5.6.jar:3.5.6]
	at org.apache.ibatis.binding.MapperMethod.execute(MapperMethod.java:80) ~[mybatis-3.5.6.jar:3.5.6]
	at org.apache.ibatis.binding.MapperProxy$PlainMethodInvoker.invoke(MapperProxy.java:152) ~[mybatis-3.5.6.jar:3.5.6]
	at org.apache.ibatis.binding.MapperProxy.invoke(MapperProxy.java:85) ~[mybatis-3.5.6.jar:3.5.6]
	at com.sun.proxy.$Proxy104.selectMemberList(Unknown Source) ~[?:?]
	at com.auto.message.AutoMessageApplication.run(AutoMessageApplication.java:36) ~[classes/:?]
	at org.springframework.boot.SpringApplication.callRunner(SpringApplication.java:806) ~[spring-boot-2.4.4.jar:2.4.4]
	... 10 more
Caused by: org.apache.ibatis.exceptions.PersistenceException: 
### Error querying database.  Cause: java.lang.RuntimeException: Driver com.mysql.cj.jdbc.Driver claims to not accept jdbcUrl, mysql://localhost:3306/admin
### The error may exist in class path resource [mappers/UserMapper.xml]
### The error may involve com.auto.message.service.MemberMapper.selectMemberList
### The error occurred while executing a query
### Cause: java.lang.RuntimeException: Driver com.mysql.cj.jdbc.Driver claims to not accept jdbcUrl, mysql://localhost:3306/admin
	at org.apache.ibatis.exceptions.ExceptionFactory.wrapException(ExceptionFactory.java:30) ~[mybatis-3.5.6.jar:3.5.6]
	at org.apache.ibatis.session.defaults.DefaultSqlSession.selectList(DefaultSqlSession.java:149) ~[mybatis-3.5.6.jar:3.5.6]
	at org.apache.ibatis.session.defaults.DefaultSqlSession.selectList(DefaultSqlSession.java:140) ~[mybatis-3.5.6.jar:3.5.6]
	at jdk.internal.reflect.NativeMethodAccessorImpl.invoke0(Native Method) ~[?:?]
	at jdk.internal.reflect.NativeMethodAccessorImpl.invoke(NativeMethodAccessorImpl.java:64) ~[?:?]
	at jdk.internal.reflect.DelegatingMethodAccessorImpl.invoke(DelegatingMethodAccessorImpl.java:43) ~[?:?]
	at java.lang.reflect.Method.invoke(Method.java:564) ~[?:?]
	at org.mybatis.spring.SqlSessionTemplate$SqlSessionInterceptor.invoke(SqlSessionTemplate.java:427) ~[mybatis-spring-2.0.6.jar:2.0.6]
	at com.sun.proxy.$Proxy91.selectList(Unknown Source) ~[?:?]
	at org.mybatis.spring.SqlSessionTemplate.selectList(SqlSessionTemplate.java:224) ~[mybatis-spring-2.0.6.jar:2.0.6]
	at org.apache.ibatis.binding.MapperMethod.executeForMany(MapperMethod.java:147) ~[mybatis-3.5.6.jar:3.5.6]
	at org.apache.ibatis.binding.MapperMethod.execute(MapperMethod.java:80) ~[mybatis-3.5.6.jar:3.5.6]
	at org.apache.ibatis.binding.MapperProxy$PlainMethodInvoker.invoke(MapperProxy.java:152) ~[mybatis-3.5.6.jar:3.5.6]
	at org.apache.ibatis.binding.MapperProxy.invoke(MapperProxy.java:85) ~[mybatis-3.5.6.jar:3.5.6]
	at com.sun.proxy.$Proxy104.selectMemberList(Unknown Source) ~[?:?]
	at com.auto.message.AutoMessageApplication.run(AutoMessageApplication.java:36) ~[classes/:?]
	at org.springframework.boot.SpringApplication.callRunner(SpringApplication.java:806) ~[spring-boot-2.4.4.jar:2.4.4]
	... 10 more
Caused by: java.lang.RuntimeException: Driver com.mysql.cj.jdbc.Driver claims to not accept jdbcUrl, mysql://localhost:3306/admin
	at com.zaxxer.hikari.util.DriverDataSource.<init>(DriverDataSource.java:110) ~[HikariCP-3.4.5.jar:?]
	at com.zaxxer.hikari.pool.PoolBase.initializeDataSource(PoolBase.java:325) ~[HikariCP-3.4.5.jar:?]
	at com.zaxxer.hikari.pool.PoolBase.<init>(PoolBase.java:114) ~[HikariCP-3.4.5.jar:?]
	at com.zaxxer.hikari.pool.HikariPool.<init>(HikariPool.java:108) ~[HikariCP-3.4.5.jar:?]
	at com.zaxxer.hikari.HikariDataSource.getConnection(HikariDataSource.java:112) ~[HikariCP-3.4.5.jar:?]
	at org.springframework.jdbc.datasource.DataSourceUtils.fetchConnection(DataSourceUtils.java:158) ~[spring-jdbc-5.3.5.jar:5.3.5]
	at org.springframework.jdbc.datasource.DataSourceUtils.doGetConnection(DataSourceUtils.java:116) ~[spring-jdbc-5.3.5.jar:5.3.5]
	at org.springframework.jdbc.datasource.DataSourceUtils.getConnection(DataSourceUtils.java:79) ~[spring-jdbc-5.3.5.jar:5.3.5]
	at org.mybatis.spring.transaction.SpringManagedTransaction.openConnection(SpringManagedTransaction.java:80) ~[mybatis-spring-2.0.6.jar:2.0.6]
	at org.mybatis.spring.transaction.SpringManagedTransaction.getConnection(SpringManagedTransaction.java:67) ~[mybatis-spring-2.0.6.jar:2.0.6]
	at org.apache.ibatis.executor.BaseExecutor.getConnection(BaseExecutor.java:337) ~[mybatis-3.5.6.jar:3.5.6]
	at org.apache.ibatis.executor.SimpleExecutor.prepareStatement(SimpleExecutor.java:86) ~[mybatis-3.5.6.jar:3.5.6]
	at org.apache.ibatis.executor.SimpleExecutor.doQuery(SimpleExecutor.java:62) ~[mybatis-3.5.6.jar:3.5.6]
	at org.apache.ibatis.executor.BaseExecutor.queryFromDatabase(BaseExecutor.java:325) ~[mybatis-3.5.6.jar:3.5.6]
	at org.apache.ibatis.executor.BaseExecutor.query(BaseExecutor.java:156) ~[mybatis-3.5.6.jar:3.5.6]
	at org.apache.ibatis.executor.CachingExecutor.query(CachingExecutor.java:109) ~[mybatis-3.5.6.jar:3.5.6]
	at org.apache.ibatis.executor.CachingExecutor.query(CachingExecutor.java:89) ~[mybatis-3.5.6.jar:3.5.6]
	at org.apache.ibatis.session.defaults.DefaultSqlSession.selectList(DefaultSqlSession.java:147) ~[mybatis-3.5.6.jar:3.5.6]
	at org.apache.ibatis.session.defaults.DefaultSqlSession.selectList(DefaultSqlSession.java:140) ~[mybatis-3.5.6.jar:3.5.6]
	at jdk.internal.reflect.NativeMethodAccessorImpl.invoke0(Native Method) ~[?:?]
	at jdk.internal.reflect.NativeMethodAccessorImpl.invoke(NativeMethodAccessorImpl.java:64) ~[?:?]
	at jdk.internal.reflect.DelegatingMethodAccessorImpl.invoke(DelegatingMethodAccessorImpl.java:43) ~[?:?]
	at java.lang.reflect.Method.invoke(Method.java:564) ~[?:?]
	at org.mybatis.spring.SqlSessionTemplate$SqlSessionInterceptor.invoke(SqlSessionTemplate.java:427) ~[mybatis-spring-2.0.6.jar:2.0.6]
	at com.sun.proxy.$Proxy91.selectList(Unknown Source) ~[?:?]
	at org.mybatis.spring.SqlSessionTemplate.selectList(SqlSessionTemplate.java:224) ~[mybatis-spring-2.0.6.jar:2.0.6]
	at org.apache.ibatis.binding.MapperMethod.executeForMany(MapperMethod.java:147) ~[mybatis-3.5.6.jar:3.5.6]
	at org.apache.ibatis.binding.MapperMethod.execute(MapperMethod.java:80) ~[mybatis-3.5.6.jar:3.5.6]
	at org.apache.ibatis.binding.MapperProxy$PlainMethodInvoker.invoke(MapperProxy.java:152) ~[mybatis-3.5.6.jar:3.5.6]
	at org.apache.ibatis.binding.MapperProxy.invoke(MapperProxy.java:85) ~[mybatis-3.5.6.jar:3.5.6]
	at com.sun.proxy.$Proxy104.selectMemberList(Unknown Source) ~[?:?]
	at com.auto.message.AutoMessageApplication.run(AutoMessageApplication.java:36) ~[classes/:?]
	at org.springframework.boot.SpringApplication.callRunner(SpringApplication.java:806) ~[spring-boot-2.4.4.jar:2.4.4]
	... 10 more
2021-04-28 18:00:25,265 [restartedMain] INFO  org.springframework.scheduling.concurrent.ThreadPoolTaskExecutor(shutdown:218) - Shutting down ExecutorService 'applicationTaskExecutor'
2021-04-28 18:00:34,243 [restartedMain] WARN  org.springframework.boot.context.config.ConfigDataEnvironment(logTo:258) - Property 'spring.profiles' imported from location 'class path resource [application.yml]' is invalid and should be replaced with 'spring.config.activate.on-profile' [origin: class path resource [application.yml] - 12:13]
2021-04-28 18:00:34,243 [restartedMain] WARN  org.springframework.boot.context.config.ConfigDataEnvironment(logTo:258) - Property 'spring.profiles' imported from location 'class path resource [application.yml]' is invalid and should be replaced with 'spring.config.activate.on-profile' [origin: class path resource [application.yml] - 7:13]
2021-04-28 18:00:34,455 [restartedMain] INFO  org.springframework.data.repository.config.RepositoryConfigurationDelegate(registerRepositoriesIn:128) - Bootstrapping Spring Data MongoDB repositories in DEFAULT mode.
2021-04-28 18:00:34,468 [restartedMain] INFO  org.springframework.data.repository.config.RepositoryConfigurationDelegate(registerRepositoriesIn:188) - Finished Spring Data repository scanning in 12 ms. Found 0 MongoDB repository interfaces.
2021-04-28 18:00:34,527 [restartedMain] INFO  org.springframework.boot.web.embedded.tomcat.TomcatWebServer(initialize:108) - Tomcat initialized with port(s): 8000 (http)
2021-04-28 18:00:34,596 [restartedMain] INFO  org.springframework.boot.web.servlet.context.ServletWebServerApplicationContext(prepareWebApplicationContext:289) - Root WebApplicationContext: initialization completed in 353 ms
2021-04-28 18:00:34,683 [restartedMain] INFO  org.springframework.scheduling.concurrent.ThreadPoolTaskExecutor(initialize:181) - Initializing ExecutorService 'applicationTaskExecutor'
2021-04-28 18:00:34,732 [restartedMain] INFO  org.springframework.boot.devtools.autoconfigure.OptionalLiveReloadServer(startServer:58) - LiveReload server is running on port 35729
2021-04-28 18:00:34,759 [restartedMain] INFO  org.springframework.boot.web.embedded.tomcat.TomcatWebServer(start:220) - Tomcat started on port(s): 8000 (http) with context path ''
2021-04-28 18:00:34,763 [restartedMain] INFO  org.springframework.boot.autoconfigure.logging.ConditionEvaluationReportLoggingListener(logMessage:136) - 

Error starting ApplicationContext. To display the conditions report re-run your application with 'debug' enabled.
2021-04-28 18:00:34,767 [restartedMain] ERROR org.springframework.boot.SpringApplication(reportFailure:858) - Application run failed
java.lang.IllegalStateException: Failed to execute CommandLineRunner
	at org.springframework.boot.SpringApplication.callRunner(SpringApplication.java:809) [spring-boot-2.4.4.jar:2.4.4]
	at org.springframework.boot.SpringApplication.callRunners(SpringApplication.java:790) [spring-boot-2.4.4.jar:2.4.4]
	at org.springframework.boot.SpringApplication.run(SpringApplication.java:333) [spring-boot-2.4.4.jar:2.4.4]
	at org.springframework.boot.SpringApplication.run(SpringApplication.java:1313) [spring-boot-2.4.4.jar:2.4.4]
	at org.springframework.boot.SpringApplication.run(SpringApplication.java:1302) [spring-boot-2.4.4.jar:2.4.4]
	at com.auto.message.AutoMessageApplication.main(AutoMessageApplication.java:30) [classes/:?]
	at jdk.internal.reflect.NativeMethodAccessorImpl.invoke0(Native Method) ~[?:?]
	at jdk.internal.reflect.NativeMethodAccessorImpl.invoke(NativeMethodAccessorImpl.java:64) ~[?:?]
	at jdk.internal.reflect.DelegatingMethodAccessorImpl.invoke(DelegatingMethodAccessorImpl.java:43) ~[?:?]
	at java.lang.reflect.Method.invoke(Method.java:564) ~[?:?]
	at org.springframework.boot.devtools.restart.RestartLauncher.run(RestartLauncher.java:49) [spring-boot-devtools-2.4.4.jar:2.4.4]
Caused by: org.mybatis.spring.MyBatisSystemException: nested exception is org.apache.ibatis.exceptions.PersistenceException: 
### Error querying database.  Cause: java.lang.RuntimeException: Driver com.mysql.cj.jdbc.Driver claims to not accept jdbcUrl, mysql://localhost:3306/admin
### The error may exist in class path resource [mappers/UserMapper.xml]
### The error may involve com.auto.message.service.MemberMapper.selectMemberList
### The error occurred while executing a query
### Cause: java.lang.RuntimeException: Driver com.mysql.cj.jdbc.Driver claims to not accept jdbcUrl, mysql://localhost:3306/admin
	at org.mybatis.spring.MyBatisExceptionTranslator.translateExceptionIfPossible(MyBatisExceptionTranslator.java:96) ~[mybatis-spring-2.0.6.jar:2.0.6]
	at org.mybatis.spring.SqlSessionTemplate$SqlSessionInterceptor.invoke(SqlSessionTemplate.java:441) ~[mybatis-spring-2.0.6.jar:2.0.6]
	at com.sun.proxy.$Proxy91.selectList(Unknown Source) ~[?:?]
	at org.mybatis.spring.SqlSessionTemplate.selectList(SqlSessionTemplate.java:224) ~[mybatis-spring-2.0.6.jar:2.0.6]
	at org.apache.ibatis.binding.MapperMethod.executeForMany(MapperMethod.java:147) ~[mybatis-3.5.6.jar:3.5.6]
	at org.apache.ibatis.binding.MapperMethod.execute(MapperMethod.java:80) ~[mybatis-3.5.6.jar:3.5.6]
	at org.apache.ibatis.binding.MapperProxy$PlainMethodInvoker.invoke(MapperProxy.java:152) ~[mybatis-3.5.6.jar:3.5.6]
	at org.apache.ibatis.binding.MapperProxy.invoke(MapperProxy.java:85) ~[mybatis-3.5.6.jar:3.5.6]
	at com.sun.proxy.$Proxy105.selectMemberList(Unknown Source) ~[?:?]
	at com.auto.message.AutoMessageApplication.run(AutoMessageApplication.java:36) ~[classes/:?]
	at org.springframework.boot.SpringApplication.callRunner(SpringApplication.java:806) ~[spring-boot-2.4.4.jar:2.4.4]
	... 10 more
Caused by: org.apache.ibatis.exceptions.PersistenceException: 
### Error querying database.  Cause: java.lang.RuntimeException: Driver com.mysql.cj.jdbc.Driver claims to not accept jdbcUrl, mysql://localhost:3306/admin
### The error may exist in class path resource [mappers/UserMapper.xml]
### The error may involve com.auto.message.service.MemberMapper.selectMemberList
### The error occurred while executing a query
### Cause: java.lang.RuntimeException: Driver com.mysql.cj.jdbc.Driver claims to not accept jdbcUrl, mysql://localhost:3306/admin
	at org.apache.ibatis.exceptions.ExceptionFactory.wrapException(ExceptionFactory.java:30) ~[mybatis-3.5.6.jar:3.5.6]
	at org.apache.ibatis.session.defaults.DefaultSqlSession.selectList(DefaultSqlSession.java:149) ~[mybatis-3.5.6.jar:3.5.6]
	at org.apache.ibatis.session.defaults.DefaultSqlSession.selectList(DefaultSqlSession.java:140) ~[mybatis-3.5.6.jar:3.5.6]
	at jdk.internal.reflect.NativeMethodAccessorImpl.invoke0(Native Method) ~[?:?]
	at jdk.internal.reflect.NativeMethodAccessorImpl.invoke(NativeMethodAccessorImpl.java:64) ~[?:?]
	at jdk.internal.reflect.DelegatingMethodAccessorImpl.invoke(DelegatingMethodAccessorImpl.java:43) ~[?:?]
	at java.lang.reflect.Method.invoke(Method.java:564) ~[?:?]
	at org.mybatis.spring.SqlSessionTemplate$SqlSessionInterceptor.invoke(SqlSessionTemplate.java:427) ~[mybatis-spring-2.0.6.jar:2.0.6]
	at com.sun.proxy.$Proxy91.selectList(Unknown Source) ~[?:?]
	at org.mybatis.spring.SqlSessionTemplate.selectList(SqlSessionTemplate.java:224) ~[mybatis-spring-2.0.6.jar:2.0.6]
	at org.apache.ibatis.binding.MapperMethod.executeForMany(MapperMethod.java:147) ~[mybatis-3.5.6.jar:3.5.6]
	at org.apache.ibatis.binding.MapperMethod.execute(MapperMethod.java:80) ~[mybatis-3.5.6.jar:3.5.6]
	at org.apache.ibatis.binding.MapperProxy$PlainMethodInvoker.invoke(MapperProxy.java:152) ~[mybatis-3.5.6.jar:3.5.6]
	at org.apache.ibatis.binding.MapperProxy.invoke(MapperProxy.java:85) ~[mybatis-3.5.6.jar:3.5.6]
	at com.sun.proxy.$Proxy105.selectMemberList(Unknown Source) ~[?:?]
	at com.auto.message.AutoMessageApplication.run(AutoMessageApplication.java:36) ~[classes/:?]
	at org.springframework.boot.SpringApplication.callRunner(SpringApplication.java:806) ~[spring-boot-2.4.4.jar:2.4.4]
	... 10 more
Caused by: java.lang.RuntimeException: Driver com.mysql.cj.jdbc.Driver claims to not accept jdbcUrl, mysql://localhost:3306/admin
	at com.zaxxer.hikari.util.DriverDataSource.<init>(DriverDataSource.java:110) ~[HikariCP-3.4.5.jar:?]
	at com.zaxxer.hikari.pool.PoolBase.initializeDataSource(PoolBase.java:325) ~[HikariCP-3.4.5.jar:?]
	at com.zaxxer.hikari.pool.PoolBase.<init>(PoolBase.java:114) ~[HikariCP-3.4.5.jar:?]
	at com.zaxxer.hikari.pool.HikariPool.<init>(HikariPool.java:108) ~[HikariCP-3.4.5.jar:?]
	at com.zaxxer.hikari.HikariDataSource.getConnection(HikariDataSource.java:112) ~[HikariCP-3.4.5.jar:?]
	at org.springframework.jdbc.datasource.DataSourceUtils.fetchConnection(DataSourceUtils.java:158) ~[spring-jdbc-5.3.5.jar:5.3.5]
	at org.springframework.jdbc.datasource.DataSourceUtils.doGetConnection(DataSourceUtils.java:116) ~[spring-jdbc-5.3.5.jar:5.3.5]
	at org.springframework.jdbc.datasource.DataSourceUtils.getConnection(DataSourceUtils.java:79) ~[spring-jdbc-5.3.5.jar:5.3.5]
	at org.mybatis.spring.transaction.SpringManagedTransaction.openConnection(SpringManagedTransaction.java:80) ~[mybatis-spring-2.0.6.jar:2.0.6]
	at org.mybatis.spring.transaction.SpringManagedTransaction.getConnection(SpringManagedTransaction.java:67) ~[mybatis-spring-2.0.6.jar:2.0.6]
	at org.apache.ibatis.executor.BaseExecutor.getConnection(BaseExecutor.java:337) ~[mybatis-3.5.6.jar:3.5.6]
	at org.apache.ibatis.executor.SimpleExecutor.prepareStatement(SimpleExecutor.java:86) ~[mybatis-3.5.6.jar:3.5.6]
	at org.apache.ibatis.executor.SimpleExecutor.doQuery(SimpleExecutor.java:62) ~[mybatis-3.5.6.jar:3.5.6]
	at org.apache.ibatis.executor.BaseExecutor.queryFromDatabase(BaseExecutor.java:325) ~[mybatis-3.5.6.jar:3.5.6]
	at org.apache.ibatis.executor.BaseExecutor.query(BaseExecutor.java:156) ~[mybatis-3.5.6.jar:3.5.6]
	at org.apache.ibatis.executor.CachingExecutor.query(CachingExecutor.java:109) ~[mybatis-3.5.6.jar:3.5.6]
	at org.apache.ibatis.executor.CachingExecutor.query(CachingExecutor.java:89) ~[mybatis-3.5.6.jar:3.5.6]
	at org.apache.ibatis.session.defaults.DefaultSqlSession.selectList(DefaultSqlSession.java:147) ~[mybatis-3.5.6.jar:3.5.6]
	at org.apache.ibatis.session.defaults.DefaultSqlSession.selectList(DefaultSqlSession.java:140) ~[mybatis-3.5.6.jar:3.5.6]
	at jdk.internal.reflect.NativeMethodAccessorImpl.invoke0(Native Method) ~[?:?]
	at jdk.internal.reflect.NativeMethodAccessorImpl.invoke(NativeMethodAccessorImpl.java:64) ~[?:?]
	at jdk.internal.reflect.DelegatingMethodAccessorImpl.invoke(DelegatingMethodAccessorImpl.java:43) ~[?:?]
	at java.lang.reflect.Method.invoke(Method.java:564) ~[?:?]
	at org.mybatis.spring.SqlSessionTemplate$SqlSessionInterceptor.invoke(SqlSessionTemplate.java:427) ~[mybatis-spring-2.0.6.jar:2.0.6]
	at com.sun.proxy.$Proxy91.selectList(Unknown Source) ~[?:?]
	at org.mybatis.spring.SqlSessionTemplate.selectList(SqlSessionTemplate.java:224) ~[mybatis-spring-2.0.6.jar:2.0.6]
	at org.apache.ibatis.binding.MapperMethod.executeForMany(MapperMethod.java:147) ~[mybatis-3.5.6.jar:3.5.6]
	at org.apache.ibatis.binding.MapperMethod.execute(MapperMethod.java:80) ~[mybatis-3.5.6.jar:3.5.6]
	at org.apache.ibatis.binding.MapperProxy$PlainMethodInvoker.invoke(MapperProxy.java:152) ~[mybatis-3.5.6.jar:3.5.6]
	at org.apache.ibatis.binding.MapperProxy.invoke(MapperProxy.java:85) ~[mybatis-3.5.6.jar:3.5.6]
	at com.sun.proxy.$Proxy105.selectMemberList(Unknown Source) ~[?:?]
	at com.auto.message.AutoMessageApplication.run(AutoMessageApplication.java:36) ~[classes/:?]
	at org.springframework.boot.SpringApplication.callRunner(SpringApplication.java:806) ~[spring-boot-2.4.4.jar:2.4.4]
	... 10 more
2021-04-28 18:00:34,881 [restartedMain] INFO  org.springframework.scheduling.concurrent.ThreadPoolTaskExecutor(shutdown:218) - Shutting down ExecutorService 'applicationTaskExecutor'
2021-04-28 18:00:36,389 [restartedMain] WARN  org.springframework.boot.context.config.ConfigDataEnvironment(logTo:258) - Property 'spring.profiles' imported from location 'class path resource [application.yml]' is invalid and should be replaced with 'spring.config.activate.on-profile' [origin: class path resource [application.yml] - 12:13]
2021-04-28 18:00:36,389 [restartedMain] WARN  org.springframework.boot.context.config.ConfigDataEnvironment(logTo:258) - Property 'spring.profiles' imported from location 'class path resource [application.yml]' is invalid and should be replaced with 'spring.config.activate.on-profile' [origin: class path resource [application.yml] - 7:13]
2021-04-28 18:00:36,552 [restartedMain] INFO  org.springframework.data.repository.config.RepositoryConfigurationDelegate(registerRepositoriesIn:128) - Bootstrapping Spring Data MongoDB repositories in DEFAULT mode.
2021-04-28 18:00:36,563 [restartedMain] INFO  org.springframework.data.repository.config.RepositoryConfigurationDelegate(registerRepositoriesIn:188) - Finished Spring Data repository scanning in 10 ms. Found 0 MongoDB repository interfaces.
2021-04-28 18:00:36,619 [restartedMain] INFO  org.springframework.boot.web.embedded.tomcat.TomcatWebServer(initialize:108) - Tomcat initialized with port(s): 8000 (http)
2021-04-28 18:00:36,680 [restartedMain] INFO  org.springframework.boot.web.servlet.context.ServletWebServerApplicationContext(prepareWebApplicationContext:289) - Root WebApplicationContext: initialization completed in 290 ms
2021-04-28 18:00:36,765 [restartedMain] INFO  org.springframework.scheduling.concurrent.ThreadPoolTaskExecutor(initialize:181) - Initializing ExecutorService 'applicationTaskExecutor'
2021-04-28 18:00:36,817 [restartedMain] INFO  org.springframework.boot.devtools.autoconfigure.OptionalLiveReloadServer(startServer:58) - LiveReload server is running on port 35729
2021-04-28 18:00:36,841 [restartedMain] INFO  org.springframework.boot.web.embedded.tomcat.TomcatWebServer(start:220) - Tomcat started on port(s): 8000 (http) with context path ''
2021-04-28 18:00:36,845 [restartedMain] INFO  org.springframework.boot.autoconfigure.logging.ConditionEvaluationReportLoggingListener(logMessage:136) - 

Error starting ApplicationContext. To display the conditions report re-run your application with 'debug' enabled.
2021-04-28 18:00:36,847 [restartedMain] ERROR org.springframework.boot.SpringApplication(reportFailure:858) - Application run failed
java.lang.IllegalStateException: Failed to execute CommandLineRunner
	at org.springframework.boot.SpringApplication.callRunner(SpringApplication.java:809) [spring-boot-2.4.4.jar:2.4.4]
	at org.springframework.boot.SpringApplication.callRunners(SpringApplication.java:790) [spring-boot-2.4.4.jar:2.4.4]
	at org.springframework.boot.SpringApplication.run(SpringApplication.java:333) [spring-boot-2.4.4.jar:2.4.4]
	at org.springframework.boot.SpringApplication.run(SpringApplication.java:1313) [spring-boot-2.4.4.jar:2.4.4]
	at org.springframework.boot.SpringApplication.run(SpringApplication.java:1302) [spring-boot-2.4.4.jar:2.4.4]
	at com.auto.message.AutoMessageApplication.main(AutoMessageApplication.java:30) [classes/:?]
	at jdk.internal.reflect.NativeMethodAccessorImpl.invoke0(Native Method) ~[?:?]
	at jdk.internal.reflect.NativeMethodAccessorImpl.invoke(NativeMethodAccessorImpl.java:64) ~[?:?]
	at jdk.internal.reflect.DelegatingMethodAccessorImpl.invoke(DelegatingMethodAccessorImpl.java:43) ~[?:?]
	at java.lang.reflect.Method.invoke(Method.java:564) ~[?:?]
	at org.springframework.boot.devtools.restart.RestartLauncher.run(RestartLauncher.java:49) [spring-boot-devtools-2.4.4.jar:2.4.4]
Caused by: org.mybatis.spring.MyBatisSystemException: nested exception is org.apache.ibatis.exceptions.PersistenceException: 
### Error querying database.  Cause: java.lang.RuntimeException: Driver com.mysql.cj.jdbc.Driver claims to not accept jdbcUrl, mysql://localhost:3306/admin
### The error may exist in class path resource [mappers/UserMapper.xml]
### The error may involve com.auto.message.service.MemberMapper.selectMemberList
### The error occurred while executing a query
### Cause: java.lang.RuntimeException: Driver com.mysql.cj.jdbc.Driver claims to not accept jdbcUrl, mysql://localhost:3306/admin
	at org.mybatis.spring.MyBatisExceptionTranslator.translateExceptionIfPossible(MyBatisExceptionTranslator.java:96) ~[mybatis-spring-2.0.6.jar:2.0.6]
	at org.mybatis.spring.SqlSessionTemplate$SqlSessionInterceptor.invoke(SqlSessionTemplate.java:441) ~[mybatis-spring-2.0.6.jar:2.0.6]
	at com.sun.proxy.$Proxy91.selectList(Unknown Source) ~[?:?]
	at org.mybatis.spring.SqlSessionTemplate.selectList(SqlSessionTemplate.java:224) ~[mybatis-spring-2.0.6.jar:2.0.6]
	at org.apache.ibatis.binding.MapperMethod.executeForMany(MapperMethod.java:147) ~[mybatis-3.5.6.jar:3.5.6]
	at org.apache.ibatis.binding.MapperMethod.execute(MapperMethod.java:80) ~[mybatis-3.5.6.jar:3.5.6]
	at org.apache.ibatis.binding.MapperProxy$PlainMethodInvoker.invoke(MapperProxy.java:152) ~[mybatis-3.5.6.jar:3.5.6]
	at org.apache.ibatis.binding.MapperProxy.invoke(MapperProxy.java:85) ~[mybatis-3.5.6.jar:3.5.6]
	at com.sun.proxy.$Proxy106.selectMemberList(Unknown Source) ~[?:?]
	at com.auto.message.AutoMessageApplication.run(AutoMessageApplication.java:36) ~[classes/:?]
	at org.springframework.boot.SpringApplication.callRunner(SpringApplication.java:806) ~[spring-boot-2.4.4.jar:2.4.4]
	... 10 more
Caused by: org.apache.ibatis.exceptions.PersistenceException: 
### Error querying database.  Cause: java.lang.RuntimeException: Driver com.mysql.cj.jdbc.Driver claims to not accept jdbcUrl, mysql://localhost:3306/admin
### The error may exist in class path resource [mappers/UserMapper.xml]
### The error may involve com.auto.message.service.MemberMapper.selectMemberList
### The error occurred while executing a query
### Cause: java.lang.RuntimeException: Driver com.mysql.cj.jdbc.Driver claims to not accept jdbcUrl, mysql://localhost:3306/admin
	at org.apache.ibatis.exceptions.ExceptionFactory.wrapException(ExceptionFactory.java:30) ~[mybatis-3.5.6.jar:3.5.6]
	at org.apache.ibatis.session.defaults.DefaultSqlSession.selectList(DefaultSqlSession.java:149) ~[mybatis-3.5.6.jar:3.5.6]
	at org.apache.ibatis.session.defaults.DefaultSqlSession.selectList(DefaultSqlSession.java:140) ~[mybatis-3.5.6.jar:3.5.6]
	at jdk.internal.reflect.NativeMethodAccessorImpl.invoke0(Native Method) ~[?:?]
	at jdk.internal.reflect.NativeMethodAccessorImpl.invoke(NativeMethodAccessorImpl.java:64) ~[?:?]
	at jdk.internal.reflect.DelegatingMethodAccessorImpl.invoke(DelegatingMethodAccessorImpl.java:43) ~[?:?]
	at java.lang.reflect.Method.invoke(Method.java:564) ~[?:?]
	at org.mybatis.spring.SqlSessionTemplate$SqlSessionInterceptor.invoke(SqlSessionTemplate.java:427) ~[mybatis-spring-2.0.6.jar:2.0.6]
	at com.sun.proxy.$Proxy91.selectList(Unknown Source) ~[?:?]
	at org.mybatis.spring.SqlSessionTemplate.selectList(SqlSessionTemplate.java:224) ~[mybatis-spring-2.0.6.jar:2.0.6]
	at org.apache.ibatis.binding.MapperMethod.executeForMany(MapperMethod.java:147) ~[mybatis-3.5.6.jar:3.5.6]
	at org.apache.ibatis.binding.MapperMethod.execute(MapperMethod.java:80) ~[mybatis-3.5.6.jar:3.5.6]
	at org.apache.ibatis.binding.MapperProxy$PlainMethodInvoker.invoke(MapperProxy.java:152) ~[mybatis-3.5.6.jar:3.5.6]
	at org.apache.ibatis.binding.MapperProxy.invoke(MapperProxy.java:85) ~[mybatis-3.5.6.jar:3.5.6]
	at com.sun.proxy.$Proxy106.selectMemberList(Unknown Source) ~[?:?]
	at com.auto.message.AutoMessageApplication.run(AutoMessageApplication.java:36) ~[classes/:?]
	at org.springframework.boot.SpringApplication.callRunner(SpringApplication.java:806) ~[spring-boot-2.4.4.jar:2.4.4]
	... 10 more
Caused by: java.lang.RuntimeException: Driver com.mysql.cj.jdbc.Driver claims to not accept jdbcUrl, mysql://localhost:3306/admin
	at com.zaxxer.hikari.util.DriverDataSource.<init>(DriverDataSource.java:110) ~[HikariCP-3.4.5.jar:?]
	at com.zaxxer.hikari.pool.PoolBase.initializeDataSource(PoolBase.java:325) ~[HikariCP-3.4.5.jar:?]
	at com.zaxxer.hikari.pool.PoolBase.<init>(PoolBase.java:114) ~[HikariCP-3.4.5.jar:?]
	at com.zaxxer.hikari.pool.HikariPool.<init>(HikariPool.java:108) ~[HikariCP-3.4.5.jar:?]
	at com.zaxxer.hikari.HikariDataSource.getConnection(HikariDataSource.java:112) ~[HikariCP-3.4.5.jar:?]
	at org.springframework.jdbc.datasource.DataSourceUtils.fetchConnection(DataSourceUtils.java:158) ~[spring-jdbc-5.3.5.jar:5.3.5]
	at org.springframework.jdbc.datasource.DataSourceUtils.doGetConnection(DataSourceUtils.java:116) ~[spring-jdbc-5.3.5.jar:5.3.5]
	at org.springframework.jdbc.datasource.DataSourceUtils.getConnection(DataSourceUtils.java:79) ~[spring-jdbc-5.3.5.jar:5.3.5]
	at org.mybatis.spring.transaction.SpringManagedTransaction.openConnection(SpringManagedTransaction.java:80) ~[mybatis-spring-2.0.6.jar:2.0.6]
	at org.mybatis.spring.transaction.SpringManagedTransaction.getConnection(SpringManagedTransaction.java:67) ~[mybatis-spring-2.0.6.jar:2.0.6]
	at org.apache.ibatis.executor.BaseExecutor.getConnection(BaseExecutor.java:337) ~[mybatis-3.5.6.jar:3.5.6]
	at org.apache.ibatis.executor.SimpleExecutor.prepareStatement(SimpleExecutor.java:86) ~[mybatis-3.5.6.jar:3.5.6]
	at org.apache.ibatis.executor.SimpleExecutor.doQuery(SimpleExecutor.java:62) ~[mybatis-3.5.6.jar:3.5.6]
	at org.apache.ibatis.executor.BaseExecutor.queryFromDatabase(BaseExecutor.java:325) ~[mybatis-3.5.6.jar:3.5.6]
	at org.apache.ibatis.executor.BaseExecutor.query(BaseExecutor.java:156) ~[mybatis-3.5.6.jar:3.5.6]
	at org.apache.ibatis.executor.CachingExecutor.query(CachingExecutor.java:109) ~[mybatis-3.5.6.jar:3.5.6]
	at org.apache.ibatis.executor.CachingExecutor.query(CachingExecutor.java:89) ~[mybatis-3.5.6.jar:3.5.6]
	at org.apache.ibatis.session.defaults.DefaultSqlSession.selectList(DefaultSqlSession.java:147) ~[mybatis-3.5.6.jar:3.5.6]
	at org.apache.ibatis.session.defaults.DefaultSqlSession.selectList(DefaultSqlSession.java:140) ~[mybatis-3.5.6.jar:3.5.6]
	at jdk.internal.reflect.NativeMethodAccessorImpl.invoke0(Native Method) ~[?:?]
	at jdk.internal.reflect.NativeMethodAccessorImpl.invoke(NativeMethodAccessorImpl.java:64) ~[?:?]
	at jdk.internal.reflect.DelegatingMethodAccessorImpl.invoke(DelegatingMethodAccessorImpl.java:43) ~[?:?]
	at java.lang.reflect.Method.invoke(Method.java:564) ~[?:?]
	at org.mybatis.spring.SqlSessionTemplate$SqlSessionInterceptor.invoke(SqlSessionTemplate.java:427) ~[mybatis-spring-2.0.6.jar:2.0.6]
	at com.sun.proxy.$Proxy91.selectList(Unknown Source) ~[?:?]
	at org.mybatis.spring.SqlSessionTemplate.selectList(SqlSessionTemplate.java:224) ~[mybatis-spring-2.0.6.jar:2.0.6]
	at org.apache.ibatis.binding.MapperMethod.executeForMany(MapperMethod.java:147) ~[mybatis-3.5.6.jar:3.5.6]
	at org.apache.ibatis.binding.MapperMethod.execute(MapperMethod.java:80) ~[mybatis-3.5.6.jar:3.5.6]
	at org.apache.ibatis.binding.MapperProxy$PlainMethodInvoker.invoke(MapperProxy.java:152) ~[mybatis-3.5.6.jar:3.5.6]
	at org.apache.ibatis.binding.MapperProxy.invoke(MapperProxy.java:85) ~[mybatis-3.5.6.jar:3.5.6]
	at com.sun.proxy.$Proxy106.selectMemberList(Unknown Source) ~[?:?]
	at com.auto.message.AutoMessageApplication.run(AutoMessageApplication.java:36) ~[classes/:?]
	at org.springframework.boot.SpringApplication.callRunner(SpringApplication.java:806) ~[spring-boot-2.4.4.jar:2.4.4]
	... 10 more
2021-04-28 18:00:36,904 [restartedMain] INFO  org.springframework.scheduling.concurrent.ThreadPoolTaskExecutor(shutdown:218) - Shutting down ExecutorService 'applicationTaskExecutor'
