2021-04-29 12:04:27,954 [Thread-173] INFO  org.springframework.scheduling.concurrent.ThreadPoolTaskScheduler(shutdown:218) - Shutting down ExecutorService 'taskScheduler'
2021-04-29 12:04:27,956 [Thread-173] INFO  org.springframework.scheduling.concurrent.ThreadPoolTaskExecutor(shutdown:218) - Shutting down ExecutorService 'applicationTaskExecutor'
2021-04-29 12:04:28,051 [restartedMain] WARN  org.springframework.boot.context.config.ConfigDataEnvironment(logTo:258) - Property 'spring.profiles' imported from location 'class path resource [application.yml]' is invalid and should be replaced with 'spring.config.activate.on-profile' [origin: class path resource [application.yml] - 12:13]
2021-04-29 12:04:28,051 [restartedMain] WARN  org.springframework.boot.context.config.ConfigDataEnvironment(logTo:258) - Property 'spring.profiles' imported from location 'class path resource [application.yml]' is invalid and should be replaced with 'spring.config.activate.on-profile' [origin: class path resource [application.yml] - 7:13]
2021-04-29 12:04:28,180 [restartedMain] INFO  org.springframework.data.repository.config.RepositoryConfigurationDelegate(registerRepositoriesIn:128) - Bootstrapping Spring Data MongoDB repositories in DEFAULT mode.
2021-04-29 12:04:28,187 [restartedMain] INFO  org.springframework.data.repository.config.RepositoryConfigurationDelegate(registerRepositoriesIn:188) - Finished Spring Data repository scanning in 6 ms. Found 0 MongoDB repository interfaces.
2021-04-29 12:04:28,246 [restartedMain] INFO  org.springframework.boot.web.embedded.tomcat.TomcatWebServer(initialize:108) - Tomcat initialized with port(s): 8000 (http)
2021-04-29 12:04:28,301 [restartedMain] INFO  org.springframework.boot.web.servlet.context.ServletWebServerApplicationContext(prepareWebApplicationContext:289) - Root WebApplicationContext: initialization completed in 250 ms
2021-04-29 12:04:28,377 [restartedMain] INFO  org.springframework.scheduling.concurrent.ThreadPoolTaskExecutor(initialize:181) - Initializing ExecutorService 'applicationTaskExecutor'
2021-04-29 12:04:28,429 [restartedMain] INFO  org.springframework.boot.devtools.autoconfigure.OptionalLiveReloadServer(startServer:58) - LiveReload server is running on port 35729
2021-04-29 12:04:28,440 [restartedMain] INFO  org.springframework.scheduling.concurrent.ThreadPoolTaskScheduler(initialize:181) - Initializing ExecutorService 'taskScheduler'
2021-04-29 12:04:28,456 [restartedMain] INFO  org.springframework.boot.web.embedded.tomcat.TomcatWebServer(start:220) - Tomcat started on port(s): 8000 (http) with context path ''
2021-04-29 12:04:28,485 [restartedMain] INFO  org.springframework.boot.devtools.autoconfigure.ConditionEvaluationDeltaLoggingListener(onApplicationEvent:63) - Condition evaluation unchanged
2021-04-29 12:35:22,868 [Thread-178] INFO  org.springframework.scheduling.concurrent.ThreadPoolTaskScheduler(shutdown:218) - Shutting down ExecutorService 'taskScheduler'
2021-04-29 12:35:22,868 [Thread-178] INFO  org.springframework.scheduling.concurrent.ThreadPoolTaskExecutor(shutdown:218) - Shutting down ExecutorService 'applicationTaskExecutor'
2021-04-29 12:35:22,963 [restartedMain] WARN  org.springframework.boot.context.config.ConfigDataEnvironment(logTo:258) - Property 'spring.profiles' imported from location 'class path resource [application.yml]' is invalid and should be replaced with 'spring.config.activate.on-profile' [origin: class path resource [application.yml] - 12:13]
2021-04-29 12:35:22,963 [restartedMain] WARN  org.springframework.boot.context.config.ConfigDataEnvironment(logTo:258) - Property 'spring.profiles' imported from location 'class path resource [application.yml]' is invalid and should be replaced with 'spring.config.activate.on-profile' [origin: class path resource [application.yml] - 7:13]
2021-04-29 12:35:23,091 [restartedMain] INFO  org.springframework.data.repository.config.RepositoryConfigurationDelegate(registerRepositoriesIn:128) - Bootstrapping Spring Data MongoDB repositories in DEFAULT mode.
2021-04-29 12:35:23,097 [restartedMain] INFO  org.springframework.data.repository.config.RepositoryConfigurationDelegate(registerRepositoriesIn:188) - Finished Spring Data repository scanning in 6 ms. Found 0 MongoDB repository interfaces.
2021-04-29 12:35:23,154 [restartedMain] INFO  org.springframework.boot.web.embedded.tomcat.TomcatWebServer(initialize:108) - Tomcat initialized with port(s): 8000 (http)
2021-04-29 12:35:23,210 [restartedMain] INFO  org.springframework.boot.web.servlet.context.ServletWebServerApplicationContext(prepareWebApplicationContext:289) - Root WebApplicationContext: initialization completed in 247 ms
2021-04-29 12:35:23,286 [restartedMain] INFO  org.springframework.scheduling.concurrent.ThreadPoolTaskExecutor(initialize:181) - Initializing ExecutorService 'applicationTaskExecutor'
2021-04-29 12:35:23,338 [restartedMain] INFO  org.springframework.boot.devtools.autoconfigure.OptionalLiveReloadServer(startServer:58) - LiveReload server is running on port 35729
2021-04-29 12:35:23,350 [restartedMain] INFO  org.springframework.scheduling.concurrent.ThreadPoolTaskScheduler(initialize:181) - Initializing ExecutorService 'taskScheduler'
2021-04-29 12:35:23,364 [restartedMain] INFO  org.springframework.boot.web.embedded.tomcat.TomcatWebServer(start:220) - Tomcat started on port(s): 8000 (http) with context path ''
2021-04-29 12:35:23,368 [scheduling-1] ERROR org.springframework.scheduling.support.TaskUtils$LoggingErrorHandler(handleError:95) - Unexpected error occurred in scheduled task
java.lang.Error: Unresolved compilation problems: 
	The method parse(String) in the type DateFormat is not applicable for the arguments (String[])
	check20 cannot be resolved to a variable
	check30 cannot be resolved to a variable
	check40 cannot be resolved to a variable
	check50 cannot be resolved to a variable
	check60 cannot be resolved to a variable
	Syntax error, insert ";" to complete LocalVariableDeclarationStatement
	now cannot be resolved to a variable
	now cannot be resolved to a variable
	Syntax error on token "(", Expression expected after this token

	at com.auto.message.scheduler.SendScheduler.checkDate(SendScheduler.java:29) ~[classes/:?]
	at jdk.internal.reflect.NativeMethodAccessorImpl.invoke0(Native Method) ~[?:?]
	at jdk.internal.reflect.NativeMethodAccessorImpl.invoke(NativeMethodAccessorImpl.java:64) ~[?:?]
	at jdk.internal.reflect.DelegatingMethodAccessorImpl.invoke(DelegatingMethodAccessorImpl.java:43) ~[?:?]
	at java.lang.reflect.Method.invoke(Method.java:564) ~[?:?]
	at org.springframework.scheduling.support.ScheduledMethodRunnable.run(ScheduledMethodRunnable.java:84) ~[spring-context-5.3.5.jar:5.3.5]
	at org.springframework.scheduling.support.DelegatingErrorHandlingRunnable.run(DelegatingErrorHandlingRunnable.java:54) [spring-context-5.3.5.jar:5.3.5]
	at java.util.concurrent.Executors$RunnableAdapter.call(Executors.java:515) [?:?]
	at java.util.concurrent.FutureTask.runAndReset(FutureTask.java:305) [?:?]
	at java.util.concurrent.ScheduledThreadPoolExecutor$ScheduledFutureTask.run(ScheduledThreadPoolExecutor.java:305) [?:?]
	at java.util.concurrent.ThreadPoolExecutor.runWorker(ThreadPoolExecutor.java:1130) [?:?]
	at java.util.concurrent.ThreadPoolExecutor$Worker.run(ThreadPoolExecutor.java:630) [?:?]
	at java.lang.Thread.run(Thread.java:832) [?:?]
2021-04-29 12:35:23,394 [restartedMain] INFO  org.springframework.boot.devtools.autoconfigure.ConditionEvaluationDeltaLoggingListener(onApplicationEvent:63) - Condition evaluation unchanged
2021-04-29 12:36:23,386 [scheduling-1] ERROR org.springframework.scheduling.support.TaskUtils$LoggingErrorHandler(handleError:95) - Unexpected error occurred in scheduled task
java.lang.Error: Unresolved compilation problems: 
	The method parse(String) in the type DateFormat is not applicable for the arguments (String[])
	check20 cannot be resolved to a variable
	check30 cannot be resolved to a variable
	check40 cannot be resolved to a variable
	check50 cannot be resolved to a variable
	check60 cannot be resolved to a variable
	Syntax error, insert ";" to complete LocalVariableDeclarationStatement
	now cannot be resolved to a variable
	now cannot be resolved to a variable
	Syntax error on token "(", Expression expected after this token

	at com.auto.message.scheduler.SendScheduler.checkDate(SendScheduler.java:29) ~[classes/:?]
	at jdk.internal.reflect.NativeMethodAccessorImpl.invoke0(Native Method) ~[?:?]
	at jdk.internal.reflect.NativeMethodAccessorImpl.invoke(NativeMethodAccessorImpl.java:64) ~[?:?]
	at jdk.internal.reflect.DelegatingMethodAccessorImpl.invoke(DelegatingMethodAccessorImpl.java:43) ~[?:?]
	at java.lang.reflect.Method.invoke(Method.java:564) ~[?:?]
	at org.springframework.scheduling.support.ScheduledMethodRunnable.run(ScheduledMethodRunnable.java:84) ~[spring-context-5.3.5.jar:5.3.5]
	at org.springframework.scheduling.support.DelegatingErrorHandlingRunnable.run(DelegatingErrorHandlingRunnable.java:54) [spring-context-5.3.5.jar:5.3.5]
	at java.util.concurrent.Executors$RunnableAdapter.call(Executors.java:515) [?:?]
	at java.util.concurrent.FutureTask.runAndReset(FutureTask.java:305) [?:?]
	at java.util.concurrent.ScheduledThreadPoolExecutor$ScheduledFutureTask.run(ScheduledThreadPoolExecutor.java:305) [?:?]
	at java.util.concurrent.ThreadPoolExecutor.runWorker(ThreadPoolExecutor.java:1130) [?:?]
	at java.util.concurrent.ThreadPoolExecutor$Worker.run(ThreadPoolExecutor.java:630) [?:?]
	at java.lang.Thread.run(Thread.java:832) [?:?]
2021-04-29 12:37:23,399 [scheduling-1] ERROR org.springframework.scheduling.support.TaskUtils$LoggingErrorHandler(handleError:95) - Unexpected error occurred in scheduled task
java.lang.Error: Unresolved compilation problems: 
	The method parse(String) in the type DateFormat is not applicable for the arguments (String[])
	check20 cannot be resolved to a variable
	check30 cannot be resolved to a variable
	check40 cannot be resolved to a variable
	check50 cannot be resolved to a variable
	check60 cannot be resolved to a variable
	Syntax error, insert ";" to complete LocalVariableDeclarationStatement
	now cannot be resolved to a variable
	now cannot be resolved to a variable
	Syntax error on token "(", Expression expected after this token

	at com.auto.message.scheduler.SendScheduler.checkDate(SendScheduler.java:29) ~[classes/:?]
	at jdk.internal.reflect.NativeMethodAccessorImpl.invoke0(Native Method) ~[?:?]
	at jdk.internal.reflect.NativeMethodAccessorImpl.invoke(NativeMethodAccessorImpl.java:64) ~[?:?]
	at jdk.internal.reflect.DelegatingMethodAccessorImpl.invoke(DelegatingMethodAccessorImpl.java:43) ~[?:?]
	at java.lang.reflect.Method.invoke(Method.java:564) ~[?:?]
	at org.springframework.scheduling.support.ScheduledMethodRunnable.run(ScheduledMethodRunnable.java:84) ~[spring-context-5.3.5.jar:5.3.5]
	at org.springframework.scheduling.support.DelegatingErrorHandlingRunnable.run(DelegatingErrorHandlingRunnable.java:54) [spring-context-5.3.5.jar:5.3.5]
	at java.util.concurrent.Executors$RunnableAdapter.call(Executors.java:515) [?:?]
	at java.util.concurrent.FutureTask.runAndReset(FutureTask.java:305) [?:?]
	at java.util.concurrent.ScheduledThreadPoolExecutor$ScheduledFutureTask.run(ScheduledThreadPoolExecutor.java:305) [?:?]
	at java.util.concurrent.ThreadPoolExecutor.runWorker(ThreadPoolExecutor.java:1130) [?:?]
	at java.util.concurrent.ThreadPoolExecutor$Worker.run(ThreadPoolExecutor.java:630) [?:?]
	at java.lang.Thread.run(Thread.java:832) [?:?]
2021-04-29 12:38:23,404 [scheduling-1] ERROR org.springframework.scheduling.support.TaskUtils$LoggingErrorHandler(handleError:95) - Unexpected error occurred in scheduled task
java.lang.Error: Unresolved compilation problems: 
	The method parse(String) in the type DateFormat is not applicable for the arguments (String[])
	check20 cannot be resolved to a variable
	check30 cannot be resolved to a variable
	check40 cannot be resolved to a variable
	check50 cannot be resolved to a variable
	check60 cannot be resolved to a variable
	Syntax error, insert ";" to complete LocalVariableDeclarationStatement
	now cannot be resolved to a variable
	now cannot be resolved to a variable
	Syntax error on token "(", Expression expected after this token

	at com.auto.message.scheduler.SendScheduler.checkDate(SendScheduler.java:29) ~[classes/:?]
	at jdk.internal.reflect.NativeMethodAccessorImpl.invoke0(Native Method) ~[?:?]
	at jdk.internal.reflect.NativeMethodAccessorImpl.invoke(NativeMethodAccessorImpl.java:64) ~[?:?]
	at jdk.internal.reflect.DelegatingMethodAccessorImpl.invoke(DelegatingMethodAccessorImpl.java:43) ~[?:?]
	at java.lang.reflect.Method.invoke(Method.java:564) ~[?:?]
	at org.springframework.scheduling.support.ScheduledMethodRunnable.run(ScheduledMethodRunnable.java:84) ~[spring-context-5.3.5.jar:5.3.5]
	at org.springframework.scheduling.support.DelegatingErrorHandlingRunnable.run(DelegatingErrorHandlingRunnable.java:54) [spring-context-5.3.5.jar:5.3.5]
	at java.util.concurrent.Executors$RunnableAdapter.call(Executors.java:515) [?:?]
	at java.util.concurrent.FutureTask.runAndReset(FutureTask.java:305) [?:?]
	at java.util.concurrent.ScheduledThreadPoolExecutor$ScheduledFutureTask.run(ScheduledThreadPoolExecutor.java:305) [?:?]
	at java.util.concurrent.ThreadPoolExecutor.runWorker(ThreadPoolExecutor.java:1130) [?:?]
	at java.util.concurrent.ThreadPoolExecutor$Worker.run(ThreadPoolExecutor.java:630) [?:?]
	at java.lang.Thread.run(Thread.java:832) [?:?]
2021-04-29 12:39:13,050 [Thread-183] INFO  org.springframework.scheduling.concurrent.ThreadPoolTaskScheduler(shutdown:218) - Shutting down ExecutorService 'taskScheduler'
2021-04-29 12:39:13,050 [Thread-183] INFO  org.springframework.scheduling.concurrent.ThreadPoolTaskExecutor(shutdown:218) - Shutting down ExecutorService 'applicationTaskExecutor'
2021-04-29 12:39:13,142 [restartedMain] WARN  org.springframework.boot.context.config.ConfigDataEnvironment(logTo:258) - Property 'spring.profiles' imported from location 'class path resource [application.yml]' is invalid and should be replaced with 'spring.config.activate.on-profile' [origin: class path resource [application.yml] - 12:13]
2021-04-29 12:39:13,142 [restartedMain] WARN  org.springframework.boot.context.config.ConfigDataEnvironment(logTo:258) - Property 'spring.profiles' imported from location 'class path resource [application.yml]' is invalid and should be replaced with 'spring.config.activate.on-profile' [origin: class path resource [application.yml] - 7:13]
2021-04-29 12:39:13,270 [restartedMain] INFO  org.springframework.data.repository.config.RepositoryConfigurationDelegate(registerRepositoriesIn:128) - Bootstrapping Spring Data MongoDB repositories in DEFAULT mode.
2021-04-29 12:39:13,277 [restartedMain] INFO  org.springframework.data.repository.config.RepositoryConfigurationDelegate(registerRepositoriesIn:188) - Finished Spring Data repository scanning in 6 ms. Found 0 MongoDB repository interfaces.
2021-04-29 12:39:13,333 [restartedMain] INFO  org.springframework.boot.web.embedded.tomcat.TomcatWebServer(initialize:108) - Tomcat initialized with port(s): 8000 (http)
2021-04-29 12:39:13,388 [restartedMain] INFO  org.springframework.boot.web.servlet.context.ServletWebServerApplicationContext(prepareWebApplicationContext:289) - Root WebApplicationContext: initialization completed in 246 ms
2021-04-29 12:39:13,463 [restartedMain] INFO  org.springframework.scheduling.concurrent.ThreadPoolTaskExecutor(initialize:181) - Initializing ExecutorService 'applicationTaskExecutor'
2021-04-29 12:39:13,514 [restartedMain] INFO  org.springframework.boot.devtools.autoconfigure.OptionalLiveReloadServer(startServer:58) - LiveReload server is running on port 35729
2021-04-29 12:39:13,526 [restartedMain] INFO  org.springframework.scheduling.concurrent.ThreadPoolTaskScheduler(initialize:181) - Initializing ExecutorService 'taskScheduler'
2021-04-29 12:39:13,540 [restartedMain] INFO  org.springframework.boot.web.embedded.tomcat.TomcatWebServer(start:220) - Tomcat started on port(s): 8000 (http) with context path ''
2021-04-29 12:39:13,570 [restartedMain] INFO  org.springframework.boot.devtools.autoconfigure.ConditionEvaluationDeltaLoggingListener(onApplicationEvent:63) - Condition evaluation unchanged
2021-04-29 12:41:43,866 [Thread-188] INFO  org.springframework.scheduling.concurrent.ThreadPoolTaskScheduler(shutdown:218) - Shutting down ExecutorService 'taskScheduler'
2021-04-29 12:41:43,866 [Thread-188] INFO  org.springframework.scheduling.concurrent.ThreadPoolTaskExecutor(shutdown:218) - Shutting down ExecutorService 'applicationTaskExecutor'
2021-04-29 12:41:43,958 [restartedMain] WARN  org.springframework.boot.context.config.ConfigDataEnvironment(logTo:258) - Property 'spring.profiles' imported from location 'class path resource [application.yml]' is invalid and should be replaced with 'spring.config.activate.on-profile' [origin: class path resource [application.yml] - 12:13]
2021-04-29 12:41:43,958 [restartedMain] WARN  org.springframework.boot.context.config.ConfigDataEnvironment(logTo:258) - Property 'spring.profiles' imported from location 'class path resource [application.yml]' is invalid and should be replaced with 'spring.config.activate.on-profile' [origin: class path resource [application.yml] - 7:13]
2021-04-29 12:41:44,086 [restartedMain] INFO  org.springframework.data.repository.config.RepositoryConfigurationDelegate(registerRepositoriesIn:128) - Bootstrapping Spring Data MongoDB repositories in DEFAULT mode.
2021-04-29 12:41:44,093 [restartedMain] INFO  org.springframework.data.repository.config.RepositoryConfigurationDelegate(registerRepositoriesIn:188) - Finished Spring Data repository scanning in 6 ms. Found 0 MongoDB repository interfaces.
2021-04-29 12:41:44,150 [restartedMain] INFO  org.springframework.boot.web.embedded.tomcat.TomcatWebServer(initialize:108) - Tomcat initialized with port(s): 8000 (http)
2021-04-29 12:41:44,205 [restartedMain] INFO  org.springframework.boot.web.servlet.context.ServletWebServerApplicationContext(prepareWebApplicationContext:289) - Root WebApplicationContext: initialization completed in 247 ms
2021-04-29 12:41:44,282 [restartedMain] INFO  org.springframework.scheduling.concurrent.ThreadPoolTaskExecutor(initialize:181) - Initializing ExecutorService 'applicationTaskExecutor'
2021-04-29 12:41:44,332 [restartedMain] INFO  org.springframework.boot.devtools.autoconfigure.OptionalLiveReloadServer(startServer:58) - LiveReload server is running on port 35729
2021-04-29 12:41:44,344 [restartedMain] INFO  org.springframework.scheduling.concurrent.ThreadPoolTaskScheduler(initialize:181) - Initializing ExecutorService 'taskScheduler'
2021-04-29 12:41:44,360 [restartedMain] INFO  org.springframework.boot.web.embedded.tomcat.TomcatWebServer(start:220) - Tomcat started on port(s): 8000 (http) with context path ''
2021-04-29 12:41:44,363 [scheduling-1] ERROR org.springframework.scheduling.support.TaskUtils$LoggingErrorHandler(handleError:95) - Unexpected error occurred in scheduled task
java.lang.Error: Unresolved compilation problem: 
	Unhandled exception type ParseException

	at com.auto.message.scheduler.SendScheduler.checkDate(SendScheduler.java:24) ~[classes/:?]
	at jdk.internal.reflect.NativeMethodAccessorImpl.invoke0(Native Method) ~[?:?]
	at jdk.internal.reflect.NativeMethodAccessorImpl.invoke(NativeMethodAccessorImpl.java:64) ~[?:?]
	at jdk.internal.reflect.DelegatingMethodAccessorImpl.invoke(DelegatingMethodAccessorImpl.java:43) ~[?:?]
	at java.lang.reflect.Method.invoke(Method.java:564) ~[?:?]
	at org.springframework.scheduling.support.ScheduledMethodRunnable.run(ScheduledMethodRunnable.java:84) ~[spring-context-5.3.5.jar:5.3.5]
	at org.springframework.scheduling.support.DelegatingErrorHandlingRunnable.run(DelegatingErrorHandlingRunnable.java:54) [spring-context-5.3.5.jar:5.3.5]
	at java.util.concurrent.Executors$RunnableAdapter.call(Executors.java:515) [?:?]
	at java.util.concurrent.FutureTask.runAndReset(FutureTask.java:305) [?:?]
	at java.util.concurrent.ScheduledThreadPoolExecutor$ScheduledFutureTask.run(ScheduledThreadPoolExecutor.java:305) [?:?]
	at java.util.concurrent.ThreadPoolExecutor.runWorker(ThreadPoolExecutor.java:1130) [?:?]
	at java.util.concurrent.ThreadPoolExecutor$Worker.run(ThreadPoolExecutor.java:630) [?:?]
	at java.lang.Thread.run(Thread.java:832) [?:?]
2021-04-29 12:41:44,388 [restartedMain] INFO  org.springframework.boot.devtools.autoconfigure.ConditionEvaluationDeltaLoggingListener(onApplicationEvent:63) - Condition evaluation unchanged
2021-04-29 12:42:02,358 [Thread-193] INFO  org.springframework.scheduling.concurrent.ThreadPoolTaskScheduler(shutdown:218) - Shutting down ExecutorService 'taskScheduler'
2021-04-29 12:42:02,358 [Thread-193] INFO  org.springframework.scheduling.concurrent.ThreadPoolTaskExecutor(shutdown:218) - Shutting down ExecutorService 'applicationTaskExecutor'
2021-04-29 12:42:02,447 [restartedMain] WARN  org.springframework.boot.context.config.ConfigDataEnvironment(logTo:258) - Property 'spring.profiles' imported from location 'class path resource [application.yml]' is invalid and should be replaced with 'spring.config.activate.on-profile' [origin: class path resource [application.yml] - 12:13]
2021-04-29 12:42:02,447 [restartedMain] WARN  org.springframework.boot.context.config.ConfigDataEnvironment(logTo:258) - Property 'spring.profiles' imported from location 'class path resource [application.yml]' is invalid and should be replaced with 'spring.config.activate.on-profile' [origin: class path resource [application.yml] - 7:13]
2021-04-29 12:42:02,576 [restartedMain] INFO  org.springframework.data.repository.config.RepositoryConfigurationDelegate(registerRepositoriesIn:128) - Bootstrapping Spring Data MongoDB repositories in DEFAULT mode.
2021-04-29 12:42:02,582 [restartedMain] INFO  org.springframework.data.repository.config.RepositoryConfigurationDelegate(registerRepositoriesIn:188) - Finished Spring Data repository scanning in 6 ms. Found 0 MongoDB repository interfaces.
2021-04-29 12:42:02,639 [restartedMain] INFO  org.springframework.boot.web.embedded.tomcat.TomcatWebServer(initialize:108) - Tomcat initialized with port(s): 8000 (http)
2021-04-29 12:42:02,695 [restartedMain] INFO  org.springframework.boot.web.servlet.context.ServletWebServerApplicationContext(prepareWebApplicationContext:289) - Root WebApplicationContext: initialization completed in 248 ms
2021-04-29 12:42:02,771 [restartedMain] INFO  org.springframework.scheduling.concurrent.ThreadPoolTaskExecutor(initialize:181) - Initializing ExecutorService 'applicationTaskExecutor'
2021-04-29 12:42:02,821 [restartedMain] INFO  org.springframework.boot.devtools.autoconfigure.OptionalLiveReloadServer(startServer:58) - LiveReload server is running on port 35729
2021-04-29 12:42:02,833 [restartedMain] INFO  org.springframework.scheduling.concurrent.ThreadPoolTaskScheduler(initialize:181) - Initializing ExecutorService 'taskScheduler'
2021-04-29 12:42:02,847 [restartedMain] INFO  org.springframework.boot.web.embedded.tomcat.TomcatWebServer(start:220) - Tomcat started on port(s): 8000 (http) with context path ''
2021-04-29 12:42:02,877 [restartedMain] INFO  org.springframework.boot.devtools.autoconfigure.ConditionEvaluationDeltaLoggingListener(onApplicationEvent:63) - Condition evaluation unchanged
2021-04-29 12:42:24,009 [Thread-198] INFO  org.springframework.scheduling.concurrent.ThreadPoolTaskScheduler(shutdown:218) - Shutting down ExecutorService 'taskScheduler'
2021-04-29 12:42:24,009 [Thread-198] INFO  org.springframework.scheduling.concurrent.ThreadPoolTaskExecutor(shutdown:218) - Shutting down ExecutorService 'applicationTaskExecutor'
2021-04-29 12:42:24,103 [restartedMain] WARN  org.springframework.boot.context.config.ConfigDataEnvironment(logTo:258) - Property 'spring.profiles' imported from location 'class path resource [application.yml]' is invalid and should be replaced with 'spring.config.activate.on-profile' [origin: class path resource [application.yml] - 12:13]
2021-04-29 12:42:24,103 [restartedMain] WARN  org.springframework.boot.context.config.ConfigDataEnvironment(logTo:258) - Property 'spring.profiles' imported from location 'class path resource [application.yml]' is invalid and should be replaced with 'spring.config.activate.on-profile' [origin: class path resource [application.yml] - 7:13]
2021-04-29 12:42:24,231 [restartedMain] INFO  org.springframework.data.repository.config.RepositoryConfigurationDelegate(registerRepositoriesIn:128) - Bootstrapping Spring Data MongoDB repositories in DEFAULT mode.
2021-04-29 12:42:24,237 [restartedMain] INFO  org.springframework.data.repository.config.RepositoryConfigurationDelegate(registerRepositoriesIn:188) - Finished Spring Data repository scanning in 6 ms. Found 0 MongoDB repository interfaces.
2021-04-29 12:42:24,296 [restartedMain] INFO  org.springframework.boot.web.embedded.tomcat.TomcatWebServer(initialize:108) - Tomcat initialized with port(s): 8000 (http)
2021-04-29 12:42:24,352 [restartedMain] INFO  org.springframework.boot.web.servlet.context.ServletWebServerApplicationContext(prepareWebApplicationContext:289) - Root WebApplicationContext: initialization completed in 249 ms
2021-04-29 12:42:24,429 [restartedMain] INFO  org.springframework.scheduling.concurrent.ThreadPoolTaskExecutor(initialize:181) - Initializing ExecutorService 'applicationTaskExecutor'
2021-04-29 12:42:24,477 [restartedMain] INFO  org.springframework.boot.devtools.autoconfigure.OptionalLiveReloadServer(startServer:58) - LiveReload server is running on port 35729
2021-04-29 12:42:24,493 [restartedMain] INFO  org.springframework.scheduling.concurrent.ThreadPoolTaskScheduler(initialize:181) - Initializing ExecutorService 'taskScheduler'
2021-04-29 12:42:24,507 [restartedMain] INFO  org.springframework.boot.web.embedded.tomcat.TomcatWebServer(start:220) - Tomcat started on port(s): 8000 (http) with context path ''
2021-04-29 12:42:24,536 [restartedMain] INFO  org.springframework.boot.devtools.autoconfigure.ConditionEvaluationDeltaLoggingListener(onApplicationEvent:63) - Condition evaluation unchanged
2021-04-29 12:45:17,592 [Thread-203] INFO  org.springframework.scheduling.concurrent.ThreadPoolTaskScheduler(shutdown:218) - Shutting down ExecutorService 'taskScheduler'
2021-04-29 12:45:17,593 [Thread-203] INFO  org.springframework.scheduling.concurrent.ThreadPoolTaskExecutor(shutdown:218) - Shutting down ExecutorService 'applicationTaskExecutor'
2021-04-29 12:45:17,684 [restartedMain] WARN  org.springframework.boot.context.config.ConfigDataEnvironment(logTo:258) - Property 'spring.profiles' imported from location 'class path resource [application.yml]' is invalid and should be replaced with 'spring.config.activate.on-profile' [origin: class path resource [application.yml] - 12:13]
2021-04-29 12:45:17,684 [restartedMain] WARN  org.springframework.boot.context.config.ConfigDataEnvironment(logTo:258) - Property 'spring.profiles' imported from location 'class path resource [application.yml]' is invalid and should be replaced with 'spring.config.activate.on-profile' [origin: class path resource [application.yml] - 7:13]
2021-04-29 12:45:17,813 [restartedMain] INFO  org.springframework.data.repository.config.RepositoryConfigurationDelegate(registerRepositoriesIn:128) - Bootstrapping Spring Data MongoDB repositories in DEFAULT mode.
2021-04-29 12:45:17,821 [restartedMain] INFO  org.springframework.data.repository.config.RepositoryConfigurationDelegate(registerRepositoriesIn:188) - Finished Spring Data repository scanning in 6 ms. Found 0 MongoDB repository interfaces.
2021-04-29 12:45:17,878 [restartedMain] INFO  org.springframework.boot.web.embedded.tomcat.TomcatWebServer(initialize:108) - Tomcat initialized with port(s): 8000 (http)
2021-04-29 12:45:17,938 [restartedMain] INFO  org.springframework.boot.web.servlet.context.ServletWebServerApplicationContext(prepareWebApplicationContext:289) - Root WebApplicationContext: initialization completed in 254 ms
2021-04-29 12:45:18,018 [restartedMain] INFO  org.springframework.scheduling.concurrent.ThreadPoolTaskExecutor(initialize:181) - Initializing ExecutorService 'applicationTaskExecutor'
2021-04-29 12:45:18,065 [restartedMain] INFO  org.springframework.boot.devtools.autoconfigure.OptionalLiveReloadServer(startServer:58) - LiveReload server is running on port 35729
2021-04-29 12:45:18,081 [restartedMain] INFO  org.springframework.scheduling.concurrent.ThreadPoolTaskScheduler(initialize:181) - Initializing ExecutorService 'taskScheduler'
2021-04-29 12:45:18,095 [restartedMain] INFO  org.springframework.boot.web.embedded.tomcat.TomcatWebServer(start:220) - Tomcat started on port(s): 8000 (http) with context path ''
2021-04-29 12:45:18,123 [restartedMain] INFO  org.springframework.boot.devtools.autoconfigure.ConditionEvaluationDeltaLoggingListener(onApplicationEvent:63) - Condition evaluation unchanged
2021-04-29 12:45:43,335 [Thread-208] INFO  org.springframework.scheduling.concurrent.ThreadPoolTaskScheduler(shutdown:218) - Shutting down ExecutorService 'taskScheduler'
2021-04-29 12:45:43,335 [Thread-208] INFO  org.springframework.scheduling.concurrent.ThreadPoolTaskExecutor(shutdown:218) - Shutting down ExecutorService 'applicationTaskExecutor'
2021-04-29 12:45:43,423 [restartedMain] WARN  org.springframework.boot.context.config.ConfigDataEnvironment(logTo:258) - Property 'spring.profiles' imported from location 'class path resource [application.yml]' is invalid and should be replaced with 'spring.config.activate.on-profile' [origin: class path resource [application.yml] - 12:13]
2021-04-29 12:45:43,423 [restartedMain] WARN  org.springframework.boot.context.config.ConfigDataEnvironment(logTo:258) - Property 'spring.profiles' imported from location 'class path resource [application.yml]' is invalid and should be replaced with 'spring.config.activate.on-profile' [origin: class path resource [application.yml] - 7:13]
2021-04-29 12:45:43,551 [restartedMain] INFO  org.springframework.data.repository.config.RepositoryConfigurationDelegate(registerRepositoriesIn:128) - Bootstrapping Spring Data MongoDB repositories in DEFAULT mode.
2021-04-29 12:45:43,557 [restartedMain] INFO  org.springframework.data.repository.config.RepositoryConfigurationDelegate(registerRepositoriesIn:188) - Finished Spring Data repository scanning in 6 ms. Found 0 MongoDB repository interfaces.
2021-04-29 12:45:43,616 [restartedMain] INFO  org.springframework.boot.web.embedded.tomcat.TomcatWebServer(initialize:108) - Tomcat initialized with port(s): 8000 (http)
2021-04-29 12:45:43,671 [restartedMain] INFO  org.springframework.boot.web.servlet.context.ServletWebServerApplicationContext(prepareWebApplicationContext:289) - Root WebApplicationContext: initialization completed in 246 ms
2021-04-29 12:45:43,748 [restartedMain] INFO  org.springframework.scheduling.concurrent.ThreadPoolTaskExecutor(initialize:181) - Initializing ExecutorService 'applicationTaskExecutor'
2021-04-29 12:45:43,800 [restartedMain] INFO  org.springframework.boot.devtools.autoconfigure.OptionalLiveReloadServer(startServer:58) - LiveReload server is running on port 35729
2021-04-29 12:45:43,812 [restartedMain] INFO  org.springframework.scheduling.concurrent.ThreadPoolTaskScheduler(initialize:181) - Initializing ExecutorService 'taskScheduler'
2021-04-29 12:45:43,827 [restartedMain] INFO  org.springframework.boot.web.embedded.tomcat.TomcatWebServer(start:220) - Tomcat started on port(s): 8000 (http) with context path ''
2021-04-29 12:45:43,856 [restartedMain] INFO  org.springframework.boot.devtools.autoconfigure.ConditionEvaluationDeltaLoggingListener(onApplicationEvent:63) - Condition evaluation unchanged
2021-04-29 12:46:57,678 [Thread-213] INFO  org.springframework.scheduling.concurrent.ThreadPoolTaskScheduler(shutdown:218) - Shutting down ExecutorService 'taskScheduler'
2021-04-29 12:46:57,678 [Thread-213] INFO  org.springframework.scheduling.concurrent.ThreadPoolTaskExecutor(shutdown:218) - Shutting down ExecutorService 'applicationTaskExecutor'
2021-04-29 12:46:57,770 [restartedMain] WARN  org.springframework.boot.context.config.ConfigDataEnvironment(logTo:258) - Property 'spring.profiles' imported from location 'class path resource [application.yml]' is invalid and should be replaced with 'spring.config.activate.on-profile' [origin: class path resource [application.yml] - 12:13]
2021-04-29 12:46:57,770 [restartedMain] WARN  org.springframework.boot.context.config.ConfigDataEnvironment(logTo:258) - Property 'spring.profiles' imported from location 'class path resource [application.yml]' is invalid and should be replaced with 'spring.config.activate.on-profile' [origin: class path resource [application.yml] - 7:13]
2021-04-29 12:46:57,896 [restartedMain] INFO  org.springframework.data.repository.config.RepositoryConfigurationDelegate(registerRepositoriesIn:128) - Bootstrapping Spring Data MongoDB repositories in DEFAULT mode.
2021-04-29 12:46:57,903 [restartedMain] INFO  org.springframework.data.repository.config.RepositoryConfigurationDelegate(registerRepositoriesIn:188) - Finished Spring Data repository scanning in 6 ms. Found 0 MongoDB repository interfaces.
2021-04-29 12:46:57,958 [restartedMain] INFO  org.springframework.boot.web.embedded.tomcat.TomcatWebServer(initialize:108) - Tomcat initialized with port(s): 8000 (http)
2021-04-29 12:46:58,015 [restartedMain] INFO  org.springframework.boot.web.servlet.context.ServletWebServerApplicationContext(prepareWebApplicationContext:289) - Root WebApplicationContext: initialization completed in 245 ms
2021-04-29 12:46:58,090 [restartedMain] INFO  org.springframework.scheduling.concurrent.ThreadPoolTaskExecutor(initialize:181) - Initializing ExecutorService 'applicationTaskExecutor'
2021-04-29 12:46:58,139 [restartedMain] INFO  org.springframework.boot.devtools.autoconfigure.OptionalLiveReloadServer(startServer:58) - LiveReload server is running on port 35729
2021-04-29 12:46:58,154 [restartedMain] INFO  org.springframework.scheduling.concurrent.ThreadPoolTaskScheduler(initialize:181) - Initializing ExecutorService 'taskScheduler'
2021-04-29 12:46:58,169 [restartedMain] INFO  org.springframework.boot.web.embedded.tomcat.TomcatWebServer(start:220) - Tomcat started on port(s): 8000 (http) with context path ''
2021-04-29 12:46:58,198 [restartedMain] INFO  org.springframework.boot.devtools.autoconfigure.ConditionEvaluationDeltaLoggingListener(onApplicationEvent:63) - Condition evaluation unchanged
2021-04-29 12:49:01,582 [Thread-218] INFO  org.springframework.scheduling.concurrent.ThreadPoolTaskScheduler(shutdown:218) - Shutting down ExecutorService 'taskScheduler'
2021-04-29 12:49:01,582 [Thread-218] INFO  org.springframework.scheduling.concurrent.ThreadPoolTaskExecutor(shutdown:218) - Shutting down ExecutorService 'applicationTaskExecutor'
2021-04-29 12:49:01,678 [restartedMain] WARN  org.springframework.boot.context.config.ConfigDataEnvironment(logTo:258) - Property 'spring.profiles' imported from location 'class path resource [application.yml]' is invalid and should be replaced with 'spring.config.activate.on-profile' [origin: class path resource [application.yml] - 12:13]
2021-04-29 12:49:01,678 [restartedMain] WARN  org.springframework.boot.context.config.ConfigDataEnvironment(logTo:258) - Property 'spring.profiles' imported from location 'class path resource [application.yml]' is invalid and should be replaced with 'spring.config.activate.on-profile' [origin: class path resource [application.yml] - 7:13]
2021-04-29 12:49:01,814 [restartedMain] INFO  org.springframework.data.repository.config.RepositoryConfigurationDelegate(registerRepositoriesIn:128) - Bootstrapping Spring Data MongoDB repositories in DEFAULT mode.
2021-04-29 12:49:01,821 [restartedMain] INFO  org.springframework.data.repository.config.RepositoryConfigurationDelegate(registerRepositoriesIn:188) - Finished Spring Data repository scanning in 6 ms. Found 0 MongoDB repository interfaces.
2021-04-29 12:49:01,885 [restartedMain] INFO  org.springframework.boot.web.embedded.tomcat.TomcatWebServer(initialize:108) - Tomcat initialized with port(s): 8000 (http)
2021-04-29 12:49:01,942 [restartedMain] INFO  org.springframework.boot.web.servlet.context.ServletWebServerApplicationContext(prepareWebApplicationContext:289) - Root WebApplicationContext: initialization completed in 263 ms
2021-04-29 12:49:02,024 [restartedMain] INFO  org.springframework.scheduling.concurrent.ThreadPoolTaskExecutor(initialize:181) - Initializing ExecutorService 'applicationTaskExecutor'
2021-04-29 12:49:02,077 [restartedMain] INFO  org.springframework.boot.devtools.autoconfigure.OptionalLiveReloadServer(startServer:58) - LiveReload server is running on port 35729
2021-04-29 12:49:02,091 [restartedMain] INFO  org.springframework.scheduling.concurrent.ThreadPoolTaskScheduler(initialize:181) - Initializing ExecutorService 'taskScheduler'
2021-04-29 12:49:02,106 [restartedMain] INFO  org.springframework.boot.web.embedded.tomcat.TomcatWebServer(start:220) - Tomcat started on port(s): 8000 (http) with context path ''
2021-04-29 12:49:02,139 [restartedMain] INFO  org.springframework.boot.devtools.autoconfigure.ConditionEvaluationDeltaLoggingListener(onApplicationEvent:63) - Condition evaluation unchanged
