2021-04-29 10:21:50,744 [Thread-93] INFO  org.springframework.scheduling.concurrent.ThreadPoolTaskExecutor(shutdown:218) - Shutting down ExecutorService 'applicationTaskExecutor'
2021-04-29 10:21:50,840 [restartedMain] WARN  org.springframework.boot.context.config.ConfigDataEnvironment(logTo:258) - Property 'spring.profiles' imported from location 'class path resource [application.yml]' is invalid and should be replaced with 'spring.config.activate.on-profile' [origin: class path resource [application.yml] - 12:13]
2021-04-29 10:21:50,840 [restartedMain] WARN  org.springframework.boot.context.config.ConfigDataEnvironment(logTo:258) - Property 'spring.profiles' imported from location 'class path resource [application.yml]' is invalid and should be replaced with 'spring.config.activate.on-profile' [origin: class path resource [application.yml] - 7:13]
2021-04-29 10:21:50,970 [restartedMain] INFO  org.springframework.data.repository.config.RepositoryConfigurationDelegate(registerRepositoriesIn:128) - Bootstrapping Spring Data MongoDB repositories in DEFAULT mode.
2021-04-29 10:21:50,977 [restartedMain] INFO  org.springframework.data.repository.config.RepositoryConfigurationDelegate(registerRepositoriesIn:188) - Finished Spring Data repository scanning in 6 ms. Found 0 MongoDB repository interfaces.
2021-04-29 10:21:51,031 [restartedMain] INFO  org.springframework.boot.web.embedded.tomcat.TomcatWebServer(initialize:108) - Tomcat initialized with port(s): 8000 (http)
2021-04-29 10:21:51,088 [restartedMain] INFO  org.springframework.boot.web.servlet.context.ServletWebServerApplicationContext(prepareWebApplicationContext:289) - Root WebApplicationContext: initialization completed in 247 ms
2021-04-29 10:21:51,161 [restartedMain] INFO  org.springframework.scheduling.concurrent.ThreadPoolTaskExecutor(initialize:181) - Initializing ExecutorService 'applicationTaskExecutor'
2021-04-29 10:21:51,206 [restartedMain] INFO  org.springframework.boot.devtools.autoconfigure.OptionalLiveReloadServer(startServer:58) - LiveReload server is running on port 35729
2021-04-29 10:21:51,235 [restartedMain] INFO  org.springframework.boot.web.embedded.tomcat.TomcatWebServer(start:220) - Tomcat started on port(s): 8000 (http) with context path ''
2021-04-29 10:21:51,270 [restartedMain] INFO  org.springframework.boot.devtools.autoconfigure.ConditionEvaluationDeltaLoggingListener(onApplicationEvent:63) - Condition evaluation unchanged
2021-04-29 10:21:53,778 [Thread-98] INFO  org.springframework.scheduling.concurrent.ThreadPoolTaskExecutor(shutdown:218) - Shutting down ExecutorService 'applicationTaskExecutor'
2021-04-29 10:21:53,869 [restartedMain] WARN  org.springframework.boot.context.config.ConfigDataEnvironment(logTo:258) - Property 'spring.profiles' imported from location 'class path resource [application.yml]' is invalid and should be replaced with 'spring.config.activate.on-profile' [origin: class path resource [application.yml] - 12:13]
2021-04-29 10:21:53,869 [restartedMain] WARN  org.springframework.boot.context.config.ConfigDataEnvironment(logTo:258) - Property 'spring.profiles' imported from location 'class path resource [application.yml]' is invalid and should be replaced with 'spring.config.activate.on-profile' [origin: class path resource [application.yml] - 7:13]
2021-04-29 10:21:53,999 [restartedMain] INFO  org.springframework.data.repository.config.RepositoryConfigurationDelegate(registerRepositoriesIn:128) - Bootstrapping Spring Data MongoDB repositories in DEFAULT mode.
2021-04-29 10:21:54,006 [restartedMain] INFO  org.springframework.data.repository.config.RepositoryConfigurationDelegate(registerRepositoriesIn:188) - Finished Spring Data repository scanning in 6 ms. Found 0 MongoDB repository interfaces.
2021-04-29 10:21:54,061 [restartedMain] INFO  org.springframework.boot.web.embedded.tomcat.TomcatWebServer(initialize:108) - Tomcat initialized with port(s): 8000 (http)
2021-04-29 10:21:54,119 [restartedMain] INFO  org.springframework.boot.web.servlet.context.ServletWebServerApplicationContext(prepareWebApplicationContext:289) - Root WebApplicationContext: initialization completed in 250 ms
2021-04-29 10:21:54,194 [restartedMain] INFO  org.springframework.scheduling.concurrent.ThreadPoolTaskExecutor(initialize:181) - Initializing ExecutorService 'applicationTaskExecutor'
2021-04-29 10:21:54,243 [restartedMain] INFO  org.springframework.boot.devtools.autoconfigure.OptionalLiveReloadServer(startServer:58) - LiveReload server is running on port 35729
2021-04-29 10:21:54,272 [restartedMain] INFO  org.springframework.boot.web.embedded.tomcat.TomcatWebServer(start:220) - Tomcat started on port(s): 8000 (http) with context path ''
2021-04-29 10:21:54,302 [restartedMain] INFO  org.springframework.boot.devtools.autoconfigure.ConditionEvaluationDeltaLoggingListener(onApplicationEvent:63) - Condition evaluation unchanged
